[ 2014-08-28T22:03:20+08:00 ] 127.0.0.1 /shuoshuo/
INFO: [ app_init ] --START--
INFO: Run Behavior\BuildLiteBehavior [ RunTime:0.000000s ]
INFO: [ app_init ] --END-- [ RunTime:0.249601s ]
INFO: [ app_begin ] --START--
INFO: Run Behavior\ReadHtmlCacheBehavior [ RunTime:0.078000s ]
INFO: [ app_begin ] --END-- [ RunTime:0.078000s ]
INFO: [ view_parse ] --START--
INFO: [ template_filter ] --START--
INFO: Run Behavior\ContentReplaceBehavior [ RunTime:0.000000s ]
INFO: [ template_filter ] --END-- [ RunTime:0.000000s ]
INFO: Run Behavior\ParseTemplateBehavior [ RunTime:0.296400s ]
INFO: [ view_parse ] --END-- [ RunTime:0.296400s ]
INFO: [ view_filter ] --START--
INFO: Run Behavior\WriteHtmlCacheBehavior [ RunTime:0.062400s ]
INFO: [ view_filter ] --END-- [ RunTime:0.062400s ]
INFO: [ app_end ] --START--
INFO: Run Behavior\ShowPageTraceBehavior [ RunTime:0.062400s ]
INFO: [ app_end ] --END-- [ RunTime:0.062400s ]

[ 2014-08-28T22:03:49+08:00 ] 127.0.0.1 /shuoshuo/index.php/Home/Home/index
INFO: [ app_init ] --START--
INFO: Run Behavior\BuildLiteBehavior [ RunTime:0.001000s ]
INFO: [ app_init ] --END-- [ RunTime:0.001000s ]
INFO: [ app_begin ] --START--
INFO: Run Behavior\ReadHtmlCacheBehavior [ RunTime:0.001000s ]
INFO: [ app_begin ] --END-- [ RunTime:0.001000s ]
NOTIC: [2048] Declaration of Home\Controller\HomeController::Show() should be compatible with Think\Controller::show($content, $charset = '', $contentType = '', $prefix = '') E:\wamp\www\zf\shuoshuo\Application\Home\Controller\HomeController.class.php 第 196 行.
NOTIC: [8] Undefined offset: 1 E:\wamp\www\zf\shuoshuo\Application\Home\Controller\HomeController.class.php 第 28 行.
INFO: [ view_parse ] --START--
INFO: [ template_filter ] --START--
INFO: Run Behavior\ContentReplaceBehavior [ RunTime:0.000000s ]
INFO: [ template_filter ] --END-- [ RunTime:0.000000s ]
INFO: Run Behavior\ParseTemplateBehavior [ RunTime:0.094005s ]
INFO: [ view_parse ] --END-- [ RunTime:0.096005s ]
INFO: [ view_filter ] --START--
INFO: Run Behavior\WriteHtmlCacheBehavior [ RunTime:0.001001s ]
INFO: [ view_filter ] --END-- [ RunTime:0.001001s ]

[ 2014-08-28T22:03:52+08:00 ] 127.0.0.1 /shuoshuo/
INFO: [ app_init ] --START--
INFO: Run Behavior\BuildLiteBehavior [ RunTime:0.000000s ]
INFO: [ app_init ] --END-- [ RunTime:0.002001s ]
INFO: [ app_begin ] --START--
INFO: Run Behavior\ReadHtmlCacheBehavior [ RunTime:0.001000s ]
INFO: [ app_begin ] --END-- [ RunTime:0.002000s ]
INFO: [ view_parse ] --START--
INFO: [ template_filter ] --START--
INFO: Run Behavior\ContentReplaceBehavior [ RunTime:0.000000s ]
INFO: [ template_filter ] --END-- [ RunTime:0.000000s ]
INFO: Run Behavior\ParseTemplateBehavior [ RunTime:0.010001s ]
INFO: [ view_parse ] --END-- [ RunTime:0.010001s ]
INFO: [ view_filter ] --START--
INFO: Run Behavior\WriteHtmlCacheBehavior [ RunTime:0.000000s ]
INFO: [ view_filter ] --END-- [ RunTime:0.001000s ]
INFO: [ app_end ] --START--
INFO: Run Behavior\ShowPageTraceBehavior [ RunTime:0.000000s ]
INFO: [ app_end ] --END-- [ RunTime:0.000000s ]

[ 2014-08-28T22:04:04+08:00 ] 127.0.0.1 /shuoshuo/index.php/Home/Home/index
INFO: [ app_init ] --START--
INFO: Run Behavior\BuildLiteBehavior [ RunTime:0.000000s ]
INFO: [ app_init ] --END-- [ RunTime:0.000000s ]
INFO: [ app_begin ] --START--
INFO: Run Behavior\ReadHtmlCacheBehavior [ RunTime:0.000000s ]
INFO: [ app_begin ] --END-- [ RunTime:0.000000s ]
NOTIC: [2048] Declaration of Home\Controller\HomeController::Show() should be compatible with Think\Controller::show($content, $charset = '', $contentType = '', $prefix = '') E:\wamp\www\zf\shuoshuo\Application\Home\Controller\HomeController.class.php 第 196 行.
INFO: [ view_parse ] --START--
INFO: [ template_filter ] --START--
INFO: Run Behavior\ContentReplaceBehavior [ RunTime:0.000000s ]
INFO: [ template_filter ] --END-- [ RunTime:0.001000s ]
INFO: Run Behavior\ParseTemplateBehavior [ RunTime:0.037002s ]
INFO: [ view_parse ] --END-- [ RunTime:0.037002s ]
INFO: [ view_filter ] --START--
INFO: Run Behavior\WriteHtmlCacheBehavior [ RunTime:0.000000s ]
INFO: [ view_filter ] --END-- [ RunTime:0.000000s ]
INFO: [ app_end ] --START--
INFO: Run Behavior\ShowPageTraceBehavior [ RunTime:0.001000s ]
INFO: [ app_end ] --END-- [ RunTime:0.001000s ]

[ 2014-08-28T22:04:31+08:00 ] 127.0.0.1 /shuoshuo/index.php/Home/Home/show
INFO: [ app_init ] --START--
INFO: Run Behavior\BuildLiteBehavior [ RunTime:0.000000s ]
INFO: [ app_init ] --END-- [ RunTime:0.000000s ]
INFO: [ app_begin ] --START--
INFO: Run Behavior\ReadHtmlCacheBehavior [ RunTime:0.000000s ]
INFO: [ app_begin ] --END-- [ RunTime:0.001000s ]
NOTIC: [2048] Declaration of Home\Controller\HomeController::Show() should be compatible with Think\Controller::show($content, $charset = '', $contentType = '', $prefix = '') E:\wamp\www\zf\shuoshuo\Application\Home\Controller\HomeController.class.php 第 196 行.
NOTIC: [8] Use of undefined constant data - assumed 'data' E:\wamp\www\zf\shuoshuo\Application\Home\Controller\HomeController.class.php 第 131 行.
NOTIC: [8] Use of undefined constant vFeeds - assumed 'vFeeds' E:\wamp\www\zf\shuoshuo\Application\Home\Controller\HomeController.class.php 第 131 行.
NOTIC: [8] Use of undefined constant data - assumed 'data' E:\wamp\www\zf\shuoshuo\Application\Home\Controller\HomeController.class.php 第 132 行.
NOTIC: [8] Use of undefined constant has_more - assumed 'has_more' E:\wamp\www\zf\shuoshuo\Application\Home\Controller\HomeController.class.php 第 132 行.
NOTIC: [8] Use of undefined constant data - assumed 'data' E:\wamp\www\zf\shuoshuo\Application\Home\Controller\HomeController.class.php 第 131 行.
NOTIC: [8] Use of undefined constant vFeeds - assumed 'vFeeds' E:\wamp\www\zf\shuoshuo\Application\Home\Controller\HomeController.class.php 第 131 行.
NOTIC: [8] Use of undefined constant data - assumed 'data' E:\wamp\www\zf\shuoshuo\Application\Home\Controller\HomeController.class.php 第 132 行.
NOTIC: [8] Use of undefined constant has_more - assumed 'has_more' E:\wamp\www\zf\shuoshuo\Application\Home\Controller\HomeController.class.php 第 132 行.
NOTIC: [8] Use of undefined constant data - assumed 'data' E:\wamp\www\zf\shuoshuo\Application\Home\Controller\HomeController.class.php 第 131 行.
NOTIC: [8] Use of undefined constant vFeeds - assumed 'vFeeds' E:\wamp\www\zf\shuoshuo\Application\Home\Controller\HomeController.class.php 第 131 行.
NOTIC: [8] Use of undefined constant data - assumed 'data' E:\wamp\www\zf\shuoshuo\Application\Home\Controller\HomeController.class.php 第 132 行.
NOTIC: [8] Use of undefined constant has_more - assumed 'has_more' E:\wamp\www\zf\shuoshuo\Application\Home\Controller\HomeController.class.php 第 132 行.
NOTIC: [8] Use of undefined constant data - assumed 'data' E:\wamp\www\zf\shuoshuo\Application\Home\Controller\HomeController.class.php 第 131 行.
NOTIC: [8] Use of undefined constant vFeeds - assumed 'vFeeds' E:\wamp\www\zf\shuoshuo\Application\Home\Controller\HomeController.class.php 第 131 行.
NOTIC: [8] Use of undefined constant data - assumed 'data' E:\wamp\www\zf\shuoshuo\Application\Home\Controller\HomeController.class.php 第 132 行.
NOTIC: [8] Use of undefined constant has_more - assumed 'has_more' E:\wamp\www\zf\shuoshuo\Application\Home\Controller\HomeController.class.php 第 132 行.
NOTIC: [8] Use of undefined constant data - assumed 'data' E:\wamp\www\zf\shuoshuo\Application\Home\Controller\HomeController.class.php 第 131 行.
NOTIC: [8] Use of undefined constant vFeeds - assumed 'vFeeds' E:\wamp\www\zf\shuoshuo\Application\Home\Controller\HomeController.class.php 第 131 行.
NOTIC: [8] Use of undefined constant data - assumed 'data' E:\wamp\www\zf\shuoshuo\Application\Home\Controller\HomeController.class.php 第 132 行.
NOTIC: [8] Use of undefined constant has_more - assumed 'has_more' E:\wamp\www\zf\shuoshuo\Application\Home\Controller\HomeController.class.php 第 132 行.
NOTIC: [8] Use of undefined constant data - assumed 'data' E:\wamp\www\zf\shuoshuo\Application\Home\Controller\HomeController.class.php 第 131 行.
NOTIC: [8] Use of undefined constant vFeeds - assumed 'vFeeds' E:\wamp\www\zf\shuoshuo\Application\Home\Controller\HomeController.class.php 第 131 行.
NOTIC: [8] Use of undefined constant data - assumed 'data' E:\wamp\www\zf\shuoshuo\Application\Home\Controller\HomeController.class.php 第 132 行.
NOTIC: [8] Use of undefined constant has_more - assumed 'has_more' E:\wamp\www\zf\shuoshuo\Application\Home\Controller\HomeController.class.php 第 132 行.
NOTIC: [8] Use of undefined constant data - assumed 'data' E:\wamp\www\zf\shuoshuo\Application\Home\Controller\HomeController.class.php 第 131 行.
NOTIC: [8] Use of undefined constant vFeeds - assumed 'vFeeds' E:\wamp\www\zf\shuoshuo\Application\Home\Controller\HomeController.class.php 第 131 行.
NOTIC: [8] Use of undefined constant data - assumed 'data' E:\wamp\www\zf\shuoshuo\Application\Home\Controller\HomeController.class.php 第 132 行.
NOTIC: [8] Use of undefined constant has_more - assumed 'has_more' E:\wamp\www\zf\shuoshuo\Application\Home\Controller\HomeController.class.php 第 132 行.
NOTIC: [8] Use of undefined constant data - assumed 'data' E:\wamp\www\zf\shuoshuo\Application\Home\Controller\HomeController.class.php 第 131 行.
NOTIC: [8] Use of undefined constant vFeeds - assumed 'vFeeds' E:\wamp\www\zf\shuoshuo\Application\Home\Controller\HomeController.class.php 第 131 行.
NOTIC: [8] Use of undefined constant data - assumed 'data' E:\wamp\www\zf\shuoshuo\Application\Home\Controller\HomeController.class.php 第 132 行.
NOTIC: [8] Use of undefined constant has_more - assumed 'has_more' E:\wamp\www\zf\shuoshuo\Application\Home\Controller\HomeController.class.php 第 132 行.
NOTIC: [8] Use of undefined constant data - assumed 'data' E:\wamp\www\zf\shuoshuo\Application\Home\Controller\HomeController.class.php 第 131 行.
NOTIC: [8] Use of undefined constant vFeeds - assumed 'vFeeds' E:\wamp\www\zf\shuoshuo\Application\Home\Controller\HomeController.class.php 第 131 行.
NOTIC: [8] Use of undefined constant data - assumed 'data' E:\wamp\www\zf\shuoshuo\Application\Home\Controller\HomeController.class.php 第 132 行.
NOTIC: [8] Use of undefined constant has_more - assumed 'has_more' E:\wamp\www\zf\shuoshuo\Application\Home\Controller\HomeController.class.php 第 132 行.
NOTIC: [8] Use of undefined constant data - assumed 'data' E:\wamp\www\zf\shuoshuo\Application\Home\Controller\HomeController.class.php 第 131 行.
NOTIC: [8] Use of undefined constant vFeeds - assumed 'vFeeds' E:\wamp\www\zf\shuoshuo\Application\Home\Controller\HomeController.class.php 第 131 行.
NOTIC: [8] Use of undefined constant data - assumed 'data' E:\wamp\www\zf\shuoshuo\Application\Home\Controller\HomeController.class.php 第 132 行.
NOTIC: [8] Use of undefined constant has_more - assumed 'has_more' E:\wamp\www\zf\shuoshuo\Application\Home\Controller\HomeController.class.php 第 132 行.
NOTIC: [8] Use of undefined constant data - assumed 'data' E:\wamp\www\zf\shuoshuo\Application\Home\Controller\HomeController.class.php 第 131 行.
NOTIC: [8] Use of undefined constant vFeeds - assumed 'vFeeds' E:\wamp\www\zf\shuoshuo\Application\Home\Controller\HomeController.class.php 第 131 行.
NOTIC: [8] Use of undefined constant data - assumed 'data' E:\wamp\www\zf\shuoshuo\Application\Home\Controller\HomeController.class.php 第 132 行.
NOTIC: [8] Use of undefined constant has_more - assumed 'has_more' E:\wamp\www\zf\shuoshuo\Application\Home\Controller\HomeController.class.php 第 132 行.
NOTIC: [8] Use of undefined constant data - assumed 'data' E:\wamp\www\zf\shuoshuo\Application\Home\Controller\HomeController.class.php 第 131 行.
NOTIC: [8] Use of undefined constant vFeeds - assumed 'vFeeds' E:\wamp\www\zf\shuoshuo\Application\Home\Controller\HomeController.class.php 第 131 行.
NOTIC: [8] Use of undefined constant data - assumed 'data' E:\wamp\www\zf\shuoshuo\Application\Home\Controller\HomeController.class.php 第 132 行.
NOTIC: [8] Use of undefined constant has_more - assumed 'has_more' E:\wamp\www\zf\shuoshuo\Application\Home\Controller\HomeController.class.php 第 132 行.
NOTIC: [8] Use of undefined constant data - assumed 'data' E:\wamp\www\zf\shuoshuo\Application\Home\Controller\HomeController.class.php 第 131 行.
NOTIC: [8] Use of undefined constant vFeeds - assumed 'vFeeds' E:\wamp\www\zf\shuoshuo\Application\Home\Controller\HomeController.class.php 第 131 行.
NOTIC: [8] Use of undefined constant data - assumed 'data' E:\wamp\www\zf\shuoshuo\Application\Home\Controller\HomeController.class.php 第 132 行.
NOTIC: [8] Use of undefined constant has_more - assumed 'has_more' E:\wamp\www\zf\shuoshuo\Application\Home\Controller\HomeController.class.php 第 132 行.
NOTIC: [8] Use of undefined constant data - assumed 'data' E:\wamp\www\zf\shuoshuo\Application\Home\Controller\HomeController.class.php 第 131 行.
NOTIC: [8] Use of undefined constant vFeeds - assumed 'vFeeds' E:\wamp\www\zf\shuoshuo\Application\Home\Controller\HomeController.class.php 第 131 行.
NOTIC: [8] Use of undefined constant data - assumed 'data' E:\wamp\www\zf\shuoshuo\Application\Home\Controller\HomeController.class.php 第 132 行.
NOTIC: [8] Use of undefined constant has_more - assumed 'has_more' E:\wamp\www\zf\shuoshuo\Application\Home\Controller\HomeController.class.php 第 132 行.
NOTIC: [8] Use of undefined constant data - assumed 'data' E:\wamp\www\zf\shuoshuo\Application\Home\Controller\HomeController.class.php 第 131 行.
NOTIC: [8] Use of undefined constant vFeeds - assumed 'vFeeds' E:\wamp\www\zf\shuoshuo\Application\Home\Controller\HomeController.class.php 第 131 行.
NOTIC: [8] Use of undefined constant data - assumed 'data' E:\wamp\www\zf\shuoshuo\Application\Home\Controller\HomeController.class.php 第 132 行.
NOTIC: [8] Use of undefined constant has_more - assumed 'has_more' E:\wamp\www\zf\shuoshuo\Application\Home\Controller\HomeController.class.php 第 132 行.
NOTIC: [8] Use of undefined constant data - assumed 'data' E:\wamp\www\zf\shuoshuo\Application\Home\Controller\HomeController.class.php 第 131 行.
NOTIC: [8] Use of undefined constant vFeeds - assumed 'vFeeds' E:\wamp\www\zf\shuoshuo\Application\Home\Controller\HomeController.class.php 第 131 行.
NOTIC: [8] Use of undefined constant data - assumed 'data' E:\wamp\www\zf\shuoshuo\Application\Home\Controller\HomeController.class.php 第 132 行.
NOTIC: [8] Use of undefined constant has_more - assumed 'has_more' E:\wamp\www\zf\shuoshuo\Application\Home\Controller\HomeController.class.php 第 132 行.
NOTIC: [8] Use of undefined constant data - assumed 'data' E:\wamp\www\zf\shuoshuo\Application\Home\Controller\HomeController.class.php 第 131 行.
NOTIC: [8] Use of undefined constant vFeeds - assumed 'vFeeds' E:\wamp\www\zf\shuoshuo\Application\Home\Controller\HomeController.class.php 第 131 行.
NOTIC: [8] Use of undefined constant data - assumed 'data' E:\wamp\www\zf\shuoshuo\Application\Home\Controller\HomeController.class.php 第 132 行.
NOTIC: [8] Use of undefined constant has_more - assumed 'has_more' E:\wamp\www\zf\shuoshuo\Application\Home\Controller\HomeController.class.php 第 132 行.
NOTIC: [8] Use of undefined constant data - assumed 'data' E:\wamp\www\zf\shuoshuo\Application\Home\Controller\HomeController.class.php 第 131 行.
NOTIC: [8] Use of undefined constant vFeeds - assumed 'vFeeds' E:\wamp\www\zf\shuoshuo\Application\Home\Controller\HomeController.class.php 第 131 行.
NOTIC: [8] Use of undefined constant data - assumed 'data' E:\wamp\www\zf\shuoshuo\Application\Home\Controller\HomeController.class.php 第 132 行.
NOTIC: [8] Use of undefined constant has_more - assumed 'has_more' E:\wamp\www\zf\shuoshuo\Application\Home\Controller\HomeController.class.php 第 132 行.
NOTIC: [8] Use of undefined constant data - assumed 'data' E:\wamp\www\zf\shuoshuo\Application\Home\Controller\HomeController.class.php 第 131 行.
NOTIC: [8] Use of undefined constant vFeeds - assumed 'vFeeds' E:\wamp\www\zf\shuoshuo\Application\Home\Controller\HomeController.class.php 第 131 行.
NOTIC: [8] Use of undefined constant data - assumed 'data' E:\wamp\www\zf\shuoshuo\Application\Home\Controller\HomeController.class.php 第 132 行.
NOTIC: [8] Use of undefined constant has_more - assumed 'has_more' E:\wamp\www\zf\shuoshuo\Application\Home\Controller\HomeController.class.php 第 132 行.
NOTIC: [8] Use of undefined constant data - assumed 'data' E:\wamp\www\zf\shuoshuo\Application\Home\Controller\HomeController.class.php 第 131 行.
NOTIC: [8] Use of undefined constant vFeeds - assumed 'vFeeds' E:\wamp\www\zf\shuoshuo\Application\Home\Controller\HomeController.class.php 第 131 行.
NOTIC: [8] Use of undefined constant data - assumed 'data' E:\wamp\www\zf\shuoshuo\Application\Home\Controller\HomeController.class.php 第 132 行.
NOTIC: [8] Use of undefined constant has_more - assumed 'has_more' E:\wamp\www\zf\shuoshuo\Application\Home\Controller\HomeController.class.php 第 132 行.
NOTIC: [8] Use of undefined constant data - assumed 'data' E:\wamp\www\zf\shuoshuo\Application\Home\Controller\HomeController.class.php 第 131 行.
NOTIC: [8] Use of undefined constant vFeeds - assumed 'vFeeds' E:\wamp\www\zf\shuoshuo\Application\Home\Controller\HomeController.class.php 第 131 行.
NOTIC: [8] Use of undefined constant data - assumed 'data' E:\wamp\www\zf\shuoshuo\Application\Home\Controller\HomeController.class.php 第 132 行.
NOTIC: [8] Use of undefined constant has_more - assumed 'has_more' E:\wamp\www\zf\shuoshuo\Application\Home\Controller\HomeController.class.php 第 132 行.
NOTIC: [8] Use of undefined constant data - assumed 'data' E:\wamp\www\zf\shuoshuo\Application\Home\Controller\HomeController.class.php 第 131 行.
NOTIC: [8] Use of undefined constant vFeeds - assumed 'vFeeds' E:\wamp\www\zf\shuoshuo\Application\Home\Controller\HomeController.class.php 第 131 行.
NOTIC: [8] Use of undefined constant data - assumed 'data' E:\wamp\www\zf\shuoshuo\Application\Home\Controller\HomeController.class.php 第 132 行.
NOTIC: [8] Use of undefined constant has_more - assumed 'has_more' E:\wamp\www\zf\shuoshuo\Application\Home\Controller\HomeController.class.php 第 132 行.
NOTIC: [8] Use of undefined constant data - assumed 'data' E:\wamp\www\zf\shuoshuo\Application\Home\Controller\HomeController.class.php 第 131 行.
NOTIC: [8] Use of undefined constant vFeeds - assumed 'vFeeds' E:\wamp\www\zf\shuoshuo\Application\Home\Controller\HomeController.class.php 第 131 行.
NOTIC: [8] Use of undefined constant data - assumed 'data' E:\wamp\www\zf\shuoshuo\Application\Home\Controller\HomeController.class.php 第 132 行.
NOTIC: [8] Use of undefined constant has_more - assumed 'has_more' E:\wamp\www\zf\shuoshuo\Application\Home\Controller\HomeController.class.php 第 132 行.
NOTIC: [8] Use of undefined constant data - assumed 'data' E:\wamp\www\zf\shuoshuo\Application\Home\Controller\HomeController.class.php 第 131 行.
NOTIC: [8] Use of undefined constant vFeeds - assumed 'vFeeds' E:\wamp\www\zf\shuoshuo\Application\Home\Controller\HomeController.class.php 第 131 行.
NOTIC: [8] Use of undefined constant data - assumed 'data' E:\wamp\www\zf\shuoshuo\Application\Home\Controller\HomeController.class.php 第 132 行.
NOTIC: [8] Use of undefined constant has_more - assumed 'has_more' E:\wamp\www\zf\shuoshuo\Application\Home\Controller\HomeController.class.php 第 132 行.
NOTIC: [8] Use of undefined constant data - assumed 'data' E:\wamp\www\zf\shuoshuo\Application\Home\Controller\HomeController.class.php 第 131 行.
NOTIC: [8] Use of undefined constant vFeeds - assumed 'vFeeds' E:\wamp\www\zf\shuoshuo\Application\Home\Controller\HomeController.class.php 第 131 行.
NOTIC: [8] Use of undefined constant data - assumed 'data' E:\wamp\www\zf\shuoshuo\Application\Home\Controller\HomeController.class.php 第 132 行.
NOTIC: [8] Use of undefined constant has_more - assumed 'has_more' E:\wamp\www\zf\shuoshuo\Application\Home\Controller\HomeController.class.php 第 132 行.
NOTIC: [8] Use of undefined constant data - assumed 'data' E:\wamp\www\zf\shuoshuo\Application\Home\Controller\HomeController.class.php 第 131 行.
NOTIC: [8] Use of undefined constant vFeeds - assumed 'vFeeds' E:\wamp\www\zf\shuoshuo\Application\Home\Controller\HomeController.class.php 第 131 行.
NOTIC: [8] Use of undefined constant data - assumed 'data' E:\wamp\www\zf\shuoshuo\Application\Home\Controller\HomeController.class.php 第 132 行.
NOTIC: [8] Use of undefined constant has_more - assumed 'has_more' E:\wamp\www\zf\shuoshuo\Application\Home\Controller\HomeController.class.php 第 132 行.
NOTIC: [8] Use of undefined constant data - assumed 'data' E:\wamp\www\zf\shuoshuo\Application\Home\Controller\HomeController.class.php 第 131 行.
NOTIC: [8] Use of undefined constant vFeeds - assumed 'vFeeds' E:\wamp\www\zf\shuoshuo\Application\Home\Controller\HomeController.class.php 第 131 行.
NOTIC: [8] Use of undefined constant data - assumed 'data' E:\wamp\www\zf\shuoshuo\Application\Home\Controller\HomeController.class.php 第 132 行.
NOTIC: [8] Use of undefined constant has_more - assumed 'has_more' E:\wamp\www\zf\shuoshuo\Application\Home\Controller\HomeController.class.php 第 132 行.
NOTIC: [8] Use of undefined constant data - assumed 'data' E:\wamp\www\zf\shuoshuo\Application\Home\Controller\HomeController.class.php 第 131 行.
NOTIC: [8] Use of undefined constant vFeeds - assumed 'vFeeds' E:\wamp\www\zf\shuoshuo\Application\Home\Controller\HomeController.class.php 第 131 行.
NOTIC: [8] Use of undefined constant data - assumed 'data' E:\wamp\www\zf\shuoshuo\Application\Home\Controller\HomeController.class.php 第 132 行.
NOTIC: [8] Use of undefined constant has_more - assumed 'has_more' E:\wamp\www\zf\shuoshuo\Application\Home\Controller\HomeController.class.php 第 132 行.
NOTIC: [8] Use of undefined constant data - assumed 'data' E:\wamp\www\zf\shuoshuo\Application\Home\Controller\HomeController.class.php 第 131 行.
NOTIC: [8] Use of undefined constant vFeeds - assumed 'vFeeds' E:\wamp\www\zf\shuoshuo\Application\Home\Controller\HomeController.class.php 第 131 行.
NOTIC: [8] Use of undefined constant data - assumed 'data' E:\wamp\www\zf\shuoshuo\Application\Home\Controller\HomeController.class.php 第 132 行.
NOTIC: [8] Use of undefined constant has_more - assumed 'has_more' E:\wamp\www\zf\shuoshuo\Application\Home\Controller\HomeController.class.php 第 132 行.
NOTIC: [8] Use of undefined constant data - assumed 'data' E:\wamp\www\zf\shuoshuo\Application\Home\Controller\HomeController.class.php 第 131 行.
NOTIC: [8] Use of undefined constant vFeeds - assumed 'vFeeds' E:\wamp\www\zf\shuoshuo\Application\Home\Controller\HomeController.class.php 第 131 行.
NOTIC: [8] Use of undefined constant data - assumed 'data' E:\wamp\www\zf\shuoshuo\Application\Home\Controller\HomeController.class.php 第 132 行.
NOTIC: [8] Use of undefined constant has_more - assumed 'has_more' E:\wamp\www\zf\shuoshuo\Application\Home\Controller\HomeController.class.php 第 132 行.
NOTIC: [8] Use of undefined constant data - assumed 'data' E:\wamp\www\zf\shuoshuo\Application\Home\Controller\HomeController.class.php 第 131 行.
NOTIC: [8] Use of undefined constant vFeeds - assumed 'vFeeds' E:\wamp\www\zf\shuoshuo\Application\Home\Controller\HomeController.class.php 第 131 行.
NOTIC: [8] Use of undefined constant data - assumed 'data' E:\wamp\www\zf\shuoshuo\Application\Home\Controller\HomeController.class.php 第 132 行.
NOTIC: [8] Use of undefined constant has_more - assumed 'has_more' E:\wamp\www\zf\shuoshuo\Application\Home\Controller\HomeController.class.php 第 132 行.
NOTIC: [8] Use of undefined constant data - assumed 'data' E:\wamp\www\zf\shuoshuo\Application\Home\Controller\HomeController.class.php 第 131 行.
NOTIC: [8] Use of undefined constant vFeeds - assumed 'vFeeds' E:\wamp\www\zf\shuoshuo\Application\Home\Controller\HomeController.class.php 第 131 行.
NOTIC: [8] Use of undefined constant data - assumed 'data' E:\wamp\www\zf\shuoshuo\Application\Home\Controller\HomeController.class.php 第 132 行.
NOTIC: [8] Use of undefined constant has_more - assumed 'has_more' E:\wamp\www\zf\shuoshuo\Application\Home\Controller\HomeController.class.php 第 132 行.
NOTIC: [8] Use of undefined constant data - assumed 'data' E:\wamp\www\zf\shuoshuo\Application\Home\Controller\HomeController.class.php 第 131 行.
NOTIC: [8] Use of undefined constant vFeeds - assumed 'vFeeds' E:\wamp\www\zf\shuoshuo\Application\Home\Controller\HomeController.class.php 第 131 行.
NOTIC: [8] Use of undefined constant data - assumed 'data' E:\wamp\www\zf\shuoshuo\Application\Home\Controller\HomeController.class.php 第 132 行.
NOTIC: [8] Use of undefined constant has_more - assumed 'has_more' E:\wamp\www\zf\shuoshuo\Application\Home\Controller\HomeController.class.php 第 132 行.
NOTIC: [8] Use of undefined constant data - assumed 'data' E:\wamp\www\zf\shuoshuo\Application\Home\Controller\HomeController.class.php 第 131 行.
NOTIC: [8] Use of undefined constant vFeeds - assumed 'vFeeds' E:\wamp\www\zf\shuoshuo\Application\Home\Controller\HomeController.class.php 第 131 行.
NOTIC: [8] Use of undefined constant data - assumed 'data' E:\wamp\www\zf\shuoshuo\Application\Home\Controller\HomeController.class.php 第 132 行.
NOTIC: [8] Use of undefined constant has_more - assumed 'has_more' E:\wamp\www\zf\shuoshuo\Application\Home\Controller\HomeController.class.php 第 132 行.
NOTIC: [8] Use of undefined constant data - assumed 'data' E:\wamp\www\zf\shuoshuo\Application\Home\Controller\HomeController.class.php 第 131 行.
NOTIC: [8] Use of undefined constant vFeeds - assumed 'vFeeds' E:\wamp\www\zf\shuoshuo\Application\Home\Controller\HomeController.class.php 第 131 行.
NOTIC: [8] Use of undefined constant data - assumed 'data' E:\wamp\www\zf\shuoshuo\Application\Home\Controller\HomeController.class.php 第 132 行.
NOTIC: [8] Use of undefined constant has_more - assumed 'has_more' E:\wamp\www\zf\shuoshuo\Application\Home\Controller\HomeController.class.php 第 132 行.

[ 2014-08-28T22:13:21+08:00 ] 127.0.0.1 /shuoshuo/index.php/Home/Home/autoComm
INFO: [ app_init ] --START--
INFO: Run Behavior\BuildLiteBehavior [ RunTime:0.000000s ]
INFO: [ app_init ] --END-- [ RunTime:0.001000s ]
INFO: [ app_begin ] --START--
INFO: Run Behavior\ReadHtmlCacheBehavior [ RunTime:0.001000s ]
INFO: [ app_begin ] --END-- [ RunTime:0.001000s ]
NOTIC: [2048] Declaration of Home\Controller\HomeController::Show() should be compatible with Think\Controller::show($content, $charset = '', $contentType = '', $prefix = '') E:\wamp\www\zf\shuoshuo\Application\Home\Controller\HomeController.class.php 第 219 行.

[ 2014-08-28T22:13:27+08:00 ] 127.0.0.1 /shuoshuo/index.php/Home/Home/autoComm
INFO: [ app_init ] --START--
INFO: Run Behavior\BuildLiteBehavior [ RunTime:0.000000s ]
INFO: [ app_init ] --END-- [ RunTime:0.000000s ]
INFO: [ app_begin ] --START--
INFO: Run Behavior\ReadHtmlCacheBehavior [ RunTime:0.001000s ]
INFO: [ app_begin ] --END-- [ RunTime:0.001000s ]
NOTIC: [2048] Declaration of Home\Controller\HomeController::Show() should be compatible with Think\Controller::show($content, $charset = '', $contentType = '', $prefix = '') E:\wamp\www\zf\shuoshuo\Application\Home\Controller\HomeController.class.php 第 219 行.

[ 2014-08-28T22:14:29+08:00 ] 127.0.0.1 /shuoshuo/index.php/Home/Home/autoComm
INFO: [ app_init ] --START--
INFO: Run Behavior\BuildLiteBehavior [ RunTime:0.000000s ]
INFO: [ app_init ] --END-- [ RunTime:0.001001s ]
INFO: [ app_begin ] --START--
INFO: Run Behavior\ReadHtmlCacheBehavior [ RunTime:0.001000s ]
INFO: [ app_begin ] --END-- [ RunTime:0.001000s ]
NOTIC: [2048] Declaration of Home\Controller\HomeController::Show() should be compatible with Think\Controller::show($content, $charset = '', $contentType = '', $prefix = '') E:\wamp\www\zf\shuoshuo\Application\Home\Controller\HomeController.class.php 第 219 行.

[ 2014-08-28T22:14:54+08:00 ] 127.0.0.1 /shuoshuo/index.php/Home/Home/autoComm
INFO: [ app_init ] --START--
INFO: Run Behavior\BuildLiteBehavior [ RunTime:0.000000s ]
INFO: [ app_init ] --END-- [ RunTime:0.000000s ]
INFO: [ app_begin ] --START--
INFO: Run Behavior\ReadHtmlCacheBehavior [ RunTime:0.001000s ]
INFO: [ app_begin ] --END-- [ RunTime:0.001000s ]
NOTIC: [2048] Declaration of Home\Controller\HomeController::Show() should be compatible with Think\Controller::show($content, $charset = '', $contentType = '', $prefix = '') E:\wamp\www\zf\shuoshuo\Application\Home\Controller\HomeController.class.php 第 219 行.

[ 2014-08-28T22:15:32+08:00 ] 127.0.0.1 /shuoshuo/index.php/Home/Home/autoComm
INFO: [ app_init ] --START--
INFO: Run Behavior\BuildLiteBehavior [ RunTime:0.000000s ]
INFO: [ app_init ] --END-- [ RunTime:0.001000s ]
INFO: [ app_begin ] --START--
INFO: Run Behavior\ReadHtmlCacheBehavior [ RunTime:0.001000s ]
INFO: [ app_begin ] --END-- [ RunTime:0.001000s ]
NOTIC: [2048] Declaration of Home\Controller\HomeController::Show() should be compatible with Think\Controller::show($content, $charset = '', $contentType = '', $prefix = '') E:\wamp\www\zf\shuoshuo\Application\Home\Controller\HomeController.class.php 第 222 行.

[ 2014-08-28T22:16:33+08:00 ] 127.0.0.1 /shuoshuo/index.php/Home/Home/autoComm
INFO: [ app_init ] --START--
INFO: Run Behavior\BuildLiteBehavior [ RunTime:0.001000s ]
INFO: [ app_init ] --END-- [ RunTime:0.001000s ]
INFO: [ app_begin ] --START--
INFO: Run Behavior\ReadHtmlCacheBehavior [ RunTime:0.001000s ]
INFO: [ app_begin ] --END-- [ RunTime:0.001000s ]
NOTIC: [2048] Declaration of Home\Controller\HomeController::Show() should be compatible with Think\Controller::show($content, $charset = '', $contentType = '', $prefix = '') E:\wamp\www\zf\shuoshuo\Application\Home\Controller\HomeController.class.php 第 222 行.
NOTIC: [8] Trying to get property of non-object E:\wamp\www\zf\shuoshuo\Application\Home\Controller\HomeController.class.php 第 201 行.

[ 2014-08-28T22:16:46+08:00 ] 127.0.0.1 /shuoshuo/index.php/Home/Home/autoComm
INFO: [ app_init ] --START--
INFO: Run Behavior\BuildLiteBehavior [ RunTime:0.000000s ]
INFO: [ app_init ] --END-- [ RunTime:0.000000s ]
INFO: [ app_begin ] --START--
INFO: Run Behavior\ReadHtmlCacheBehavior [ RunTime:0.000000s ]
INFO: [ app_begin ] --END-- [ RunTime:0.000000s ]
NOTIC: [2048] Declaration of Home\Controller\HomeController::Show() should be compatible with Think\Controller::show($content, $charset = '', $contentType = '', $prefix = '') E:\wamp\www\zf\shuoshuo\Application\Home\Controller\HomeController.class.php 第 222 行.
NOTIC: [8] Use of undefined constant comments - assumed 'comments' E:\wamp\www\zf\shuoshuo\Application\Home\Controller\HomeController.class.php 第 201 行.
NOTIC: [8] Undefined index: comments E:\wamp\www\zf\shuoshuo\Application\Home\Controller\HomeController.class.php 第 201 行.

[ 2014-08-28T22:16:47+08:00 ] 127.0.0.1 /shuoshuo/index.php/Home/Home/autoComm
INFO: [ app_init ] --START--
INFO: Run Behavior\BuildLiteBehavior [ RunTime:0.000000s ]
INFO: [ app_init ] --END-- [ RunTime:0.001000s ]
INFO: [ app_begin ] --START--
INFO: Run Behavior\ReadHtmlCacheBehavior [ RunTime:0.000000s ]
INFO: [ app_begin ] --END-- [ RunTime:0.000000s ]
NOTIC: [2048] Declaration of Home\Controller\HomeController::Show() should be compatible with Think\Controller::show($content, $charset = '', $contentType = '', $prefix = '') E:\wamp\www\zf\shuoshuo\Application\Home\Controller\HomeController.class.php 第 222 行.
NOTIC: [8] Use of undefined constant comments - assumed 'comments' E:\wamp\www\zf\shuoshuo\Application\Home\Controller\HomeController.class.php 第 201 行.
NOTIC: [8] Undefined index: comments E:\wamp\www\zf\shuoshuo\Application\Home\Controller\HomeController.class.php 第 201 行.

[ 2014-08-28T22:16:56+08:00 ] 127.0.0.1 /shuoshuo/index.php/Home/Home/autoComm
INFO: [ app_init ] --START--
INFO: Run Behavior\BuildLiteBehavior [ RunTime:0.000000s ]
INFO: [ app_init ] --END-- [ RunTime:0.001000s ]
INFO: [ app_begin ] --START--
INFO: Run Behavior\ReadHtmlCacheBehavior [ RunTime:0.001000s ]
INFO: [ app_begin ] --END-- [ RunTime:0.001000s ]
NOTIC: [2048] Declaration of Home\Controller\HomeController::Show() should be compatible with Think\Controller::show($content, $charset = '', $contentType = '', $prefix = '') E:\wamp\www\zf\shuoshuo\Application\Home\Controller\HomeController.class.php 第 222 行.

[ 2014-08-28T22:16:56+08:00 ] 127.0.0.1 /shuoshuo/index.php/Home/Home/autoComm
INFO: [ app_init ] --START--
INFO: Run Behavior\BuildLiteBehavior [ RunTime:0.000000s ]
INFO: [ app_init ] --END-- [ RunTime:0.000000s ]
INFO: [ app_begin ] --START--
INFO: Run Behavior\ReadHtmlCacheBehavior [ RunTime:0.001001s ]
INFO: [ app_begin ] --END-- [ RunTime:0.001001s ]
NOTIC: [2048] Declaration of Home\Controller\HomeController::Show() should be compatible with Think\Controller::show($content, $charset = '', $contentType = '', $prefix = '') E:\wamp\www\zf\shuoshuo\Application\Home\Controller\HomeController.class.php 第 222 行.

[ 2014-08-28T22:17:17+08:00 ] 127.0.0.1 /shuoshuo/index.php/Home/Home/autoComm
INFO: [ app_init ] --START--
INFO: Run Behavior\BuildLiteBehavior [ RunTime:0.000000s ]
INFO: [ app_init ] --END-- [ RunTime:0.000000s ]
INFO: [ app_begin ] --START--
INFO: Run Behavior\ReadHtmlCacheBehavior [ RunTime:0.001000s ]
INFO: [ app_begin ] --END-- [ RunTime:0.001000s ]
NOTIC: [2048] Declaration of Home\Controller\HomeController::Show() should be compatible with Think\Controller::show($content, $charset = '', $contentType = '', $prefix = '') E:\wamp\www\zf\shuoshuo\Application\Home\Controller\HomeController.class.php 第 222 行.

[ 2014-08-28T22:17:21+08:00 ] 127.0.0.1 /shuoshuo/index.php/Home/Home/autoComm
INFO: [ app_init ] --START--
INFO: Run Behavior\BuildLiteBehavior [ RunTime:0.000000s ]
INFO: [ app_init ] --END-- [ RunTime:0.001000s ]
INFO: [ app_begin ] --START--
INFO: Run Behavior\ReadHtmlCacheBehavior [ RunTime:0.000000s ]
INFO: [ app_begin ] --END-- [ RunTime:0.000000s ]
NOTIC: [2048] Declaration of Home\Controller\HomeController::Show() should be compatible with Think\Controller::show($content, $charset = '', $contentType = '', $prefix = '') E:\wamp\www\zf\shuoshuo\Application\Home\Controller\HomeController.class.php 第 222 行.

[ 2014-08-28T22:17:22+08:00 ] 127.0.0.1 /shuoshuo/index.php/Home/Home/autoComm
INFO: [ app_init ] --START--
INFO: Run Behavior\BuildLiteBehavior [ RunTime:0.000000s ]
INFO: [ app_init ] --END-- [ RunTime:0.001000s ]
INFO: [ app_begin ] --START--
INFO: Run Behavior\ReadHtmlCacheBehavior [ RunTime:0.001000s ]
INFO: [ app_begin ] --END-- [ RunTime:0.001000s ]
NOTIC: [2048] Declaration of Home\Controller\HomeController::Show() should be compatible with Think\Controller::show($content, $charset = '', $contentType = '', $prefix = '') E:\wamp\www\zf\shuoshuo\Application\Home\Controller\HomeController.class.php 第 222 行.

[ 2014-08-28T22:17:40+08:00 ] 127.0.0.1 /shuoshuo/index.php/Home/Home/autoComm
INFO: [ app_init ] --START--
INFO: Run Behavior\BuildLiteBehavior [ RunTime:0.000000s ]
INFO: [ app_init ] --END-- [ RunTime:0.001000s ]
INFO: [ app_begin ] --START--
INFO: Run Behavior\ReadHtmlCacheBehavior [ RunTime:0.001000s ]
INFO: [ app_begin ] --END-- [ RunTime:0.001000s ]
NOTIC: [2048] Declaration of Home\Controller\HomeController::Show() should be compatible with Think\Controller::show($content, $charset = '', $contentType = '', $prefix = '') E:\wamp\www\zf\shuoshuo\Application\Home\Controller\HomeController.class.php 第 222 行.
NOTIC: [8] Trying to get property of non-object E:\wamp\www\zf\shuoshuo\Application\Home\Controller\HomeController.class.php 第 201 行.
NOTIC: [8] Trying to get property of non-object E:\wamp\www\zf\shuoshuo\Application\Home\Controller\HomeController.class.php 第 201 行.

[ 2014-08-28T22:17:44+08:00 ] 127.0.0.1 /shuoshuo/index.php/Home/Home/autoComm
INFO: [ app_init ] --START--
INFO: Run Behavior\BuildLiteBehavior [ RunTime:0.000000s ]
INFO: [ app_init ] --END-- [ RunTime:0.001000s ]
INFO: [ app_begin ] --START--
INFO: Run Behavior\ReadHtmlCacheBehavior [ RunTime:0.001000s ]
INFO: [ app_begin ] --END-- [ RunTime:0.001000s ]
NOTIC: [2048] Declaration of Home\Controller\HomeController::Show() should be compatible with Think\Controller::show($content, $charset = '', $contentType = '', $prefix = '') E:\wamp\www\zf\shuoshuo\Application\Home\Controller\HomeController.class.php 第 222 行.
NOTIC: [8] Trying to get property of non-object E:\wamp\www\zf\shuoshuo\Application\Home\Controller\HomeController.class.php 第 201 行.

[ 2014-08-28T22:17:47+08:00 ] 127.0.0.1 /shuoshuo/index.php/Home/Home/autoComm
INFO: [ app_init ] --START--
INFO: Run Behavior\BuildLiteBehavior [ RunTime:0.000000s ]
INFO: [ app_init ] --END-- [ RunTime:0.001000s ]
INFO: [ app_begin ] --START--
INFO: Run Behavior\ReadHtmlCacheBehavior [ RunTime:0.000000s ]
INFO: [ app_begin ] --END-- [ RunTime:0.001000s ]
NOTIC: [2048] Declaration of Home\Controller\HomeController::Show() should be compatible with Think\Controller::show($content, $charset = '', $contentType = '', $prefix = '') E:\wamp\www\zf\shuoshuo\Application\Home\Controller\HomeController.class.php 第 222 行.

[ 2014-08-28T22:18:01+08:00 ] 127.0.0.1 /shuoshuo/index.php/Home/Home/autoComm
INFO: [ app_init ] --START--
INFO: Run Behavior\BuildLiteBehavior [ RunTime:0.000000s ]
INFO: [ app_init ] --END-- [ RunTime:0.000000s ]
INFO: [ app_begin ] --START--
INFO: Run Behavior\ReadHtmlCacheBehavior [ RunTime:0.000000s ]
INFO: [ app_begin ] --END-- [ RunTime:0.000000s ]
NOTIC: [2048] Declaration of Home\Controller\HomeController::Show() should be compatible with Think\Controller::show($content, $charset = '', $contentType = '', $prefix = '') E:\wamp\www\zf\shuoshuo\Application\Home\Controller\HomeController.class.php 第 222 行.

[ 2014-08-28T22:24:06+08:00 ] 127.0.0.1 /shuoshuo/index.php/Home/Home/autoComm
INFO: [ app_init ] --START--
INFO: Run Behavior\BuildLiteBehavior [ RunTime:0.000000s ]
INFO: [ app_init ] --END-- [ RunTime:0.001000s ]
INFO: [ app_begin ] --START--
INFO: Run Behavior\ReadHtmlCacheBehavior [ RunTime:0.001000s ]
INFO: [ app_begin ] --END-- [ RunTime:0.001000s ]
NOTIC: [2048] Declaration of Home\Controller\HomeController::Show() should be compatible with Think\Controller::show($content, $charset = '', $contentType = '', $prefix = '') E:\wamp\www\zf\shuoshuo\Application\Home\Controller\HomeController.class.php 第 222 行.

[ 2014-08-28T22:25:07+08:00 ] 127.0.0.1 /shuoshuo/index.php/Home/Home/autoComm
INFO: [ app_init ] --START--
INFO: Run Behavior\BuildLiteBehavior [ RunTime:0.000000s ]
INFO: [ app_init ] --END-- [ RunTime:0.001000s ]
INFO: [ app_begin ] --START--
INFO: Run Behavior\ReadHtmlCacheBehavior [ RunTime:0.001000s ]
INFO: [ app_begin ] --END-- [ RunTime:0.001000s ]
NOTIC: [2048] Declaration of Home\Controller\HomeController::Show() should be compatible with Think\Controller::show($content, $charset = '', $contentType = '', $prefix = '') E:\wamp\www\zf\shuoshuo\Application\Home\Controller\HomeController.class.php 第 227 行.

[ 2014-08-28T22:25:45+08:00 ] 127.0.0.1 /shuoshuo/index.php/Home/Home/autoComm
INFO: [ app_init ] --START--
INFO: Run Behavior\BuildLiteBehavior [ RunTime:0.000000s ]
INFO: [ app_init ] --END-- [ RunTime:0.000000s ]
INFO: [ app_begin ] --START--
INFO: Run Behavior\ReadHtmlCacheBehavior [ RunTime:0.000000s ]
INFO: [ app_begin ] --END-- [ RunTime:0.000000s ]
NOTIC: [2048] Declaration of Home\Controller\HomeController::Show() should be compatible with Think\Controller::show($content, $charset = '', $contentType = '', $prefix = '') E:\wamp\www\zf\shuoshuo\Application\Home\Controller\HomeController.class.php 第 228 行.

[ 2014-08-28T22:29:04+08:00 ] 127.0.0.1 /shuoshuo/index.php/Home/Home/autoComm
INFO: [ app_init ] --START--
INFO: Run Behavior\BuildLiteBehavior [ RunTime:0.000000s ]
INFO: [ app_init ] --END-- [ RunTime:0.001000s ]
INFO: [ app_begin ] --START--
INFO: Run Behavior\ReadHtmlCacheBehavior [ RunTime:0.001000s ]
INFO: [ app_begin ] --END-- [ RunTime:0.002000s ]
NOTIC: [2048] Declaration of Home\Controller\HomeController::Show() should be compatible with Think\Controller::show($content, $charset = '', $contentType = '', $prefix = '') E:\wamp\www\zf\shuoshuo\Application\Home\Controller\HomeController.class.php 第 256 行.

[ 2014-08-28T22:33:13+08:00 ] 127.0.0.1 /shuoshuo/index.php/Home/Home/autoComm
INFO: [ app_init ] --START--
INFO: Run Behavior\BuildLiteBehavior [ RunTime:0.000000s ]
INFO: [ app_init ] --END-- [ RunTime:0.001000s ]
INFO: [ app_begin ] --START--
INFO: Run Behavior\ReadHtmlCacheBehavior [ RunTime:0.001000s ]
INFO: [ app_begin ] --END-- [ RunTime:0.001000s ]
NOTIC: [2048] Declaration of Home\Controller\HomeController::Show() should be compatible with Think\Controller::show($content, $charset = '', $contentType = '', $prefix = '') E:\wamp\www\zf\shuoshuo\Application\Home\Controller\HomeController.class.php 第 260 行.

[ 2014-08-28T22:35:03+08:00 ] 127.0.0.1 /shuoshuo/index.php/Home/Home/autoComm
INFO: [ app_init ] --START--
INFO: Run Behavior\BuildLiteBehavior [ RunTime:0.000000s ]
INFO: [ app_init ] --END-- [ RunTime:0.000000s ]
INFO: [ app_begin ] --START--
INFO: Run Behavior\ReadHtmlCacheBehavior [ RunTime:0.000000s ]
INFO: [ app_begin ] --END-- [ RunTime:0.001000s ]
NOTIC: [2048] Declaration of Home\Controller\HomeController::Show() should be compatible with Think\Controller::show($content, $charset = '', $contentType = '', $prefix = '') E:\wamp\www\zf\shuoshuo\Application\Home\Controller\HomeController.class.php 第 261 行.

[ 2014-08-28T22:35:12+08:00 ] 127.0.0.1 /shuoshuo/index.php/Home/Home/autoComm
INFO: [ app_init ] --START--
INFO: Run Behavior\BuildLiteBehavior [ RunTime:0.000000s ]
INFO: [ app_init ] --END-- [ RunTime:0.001000s ]
INFO: [ app_begin ] --START--
INFO: Run Behavior\ReadHtmlCacheBehavior [ RunTime:0.001000s ]
INFO: [ app_begin ] --END-- [ RunTime:0.001000s ]
NOTIC: [2048] Declaration of Home\Controller\HomeController::Show() should be compatible with Think\Controller::show($content, $charset = '', $contentType = '', $prefix = '') E:\wamp\www\zf\shuoshuo\Application\Home\Controller\HomeController.class.php 第 261 行.
NOTIC: [8] Trying to get property of non-object E:\wamp\www\zf\shuoshuo\Application\Home\Controller\HomeController.class.php 第 212 行.

[ 2014-08-28T22:35:21+08:00 ] 127.0.0.1 /shuoshuo/index.php/Home/Home/autoComm
INFO: [ app_init ] --START--
INFO: Run Behavior\BuildLiteBehavior [ RunTime:0.000000s ]
INFO: [ app_init ] --END-- [ RunTime:0.001000s ]
INFO: [ app_begin ] --START--
INFO: Run Behavior\ReadHtmlCacheBehavior [ RunTime:0.000000s ]
INFO: [ app_begin ] --END-- [ RunTime:0.001000s ]
NOTIC: [2048] Declaration of Home\Controller\HomeController::Show() should be compatible with Think\Controller::show($content, $charset = '', $contentType = '', $prefix = '') E:\wamp\www\zf\shuoshuo\Application\Home\Controller\HomeController.class.php 第 261 行.

[ 2014-08-28T22:35:31+08:00 ] 127.0.0.1 /shuoshuo/index.php/Home/Home/autoComm
INFO: [ app_init ] --START--
INFO: Run Behavior\BuildLiteBehavior [ RunTime:0.001000s ]
INFO: [ app_init ] --END-- [ RunTime:0.001000s ]
INFO: [ app_begin ] --START--
INFO: Run Behavior\ReadHtmlCacheBehavior [ RunTime:0.001000s ]
INFO: [ app_begin ] --END-- [ RunTime:0.001000s ]
NOTIC: [2048] Declaration of Home\Controller\HomeController::Show() should be compatible with Think\Controller::show($content, $charset = '', $contentType = '', $prefix = '') E:\wamp\www\zf\shuoshuo\Application\Home\Controller\HomeController.class.php 第 261 行.

[ 2014-08-28T22:36:03+08:00 ] 127.0.0.1 /shuoshuo/index.php/Home/Home/autoComm
INFO: [ app_init ] --START--
INFO: Run Behavior\BuildLiteBehavior [ RunTime:0.000000s ]
INFO: [ app_init ] --END-- [ RunTime:0.001000s ]
INFO: [ app_begin ] --START--
INFO: Run Behavior\ReadHtmlCacheBehavior [ RunTime:0.001000s ]
INFO: [ app_begin ] --END-- [ RunTime:0.001000s ]
NOTIC: [2048] Declaration of Home\Controller\HomeController::Show() should be compatible with Think\Controller::show($content, $charset = '', $contentType = '', $prefix = '') E:\wamp\www\zf\shuoshuo\Application\Home\Controller\HomeController.class.php 第 261 行.

[ 2014-08-28T22:36:20+08:00 ] 127.0.0.1 /shuoshuo/index.php/Home/Home/autoComm
INFO: [ app_init ] --START--
INFO: Run Behavior\BuildLiteBehavior [ RunTime:0.000000s ]
INFO: [ app_init ] --END-- [ RunTime:0.001000s ]
INFO: [ app_begin ] --START--
INFO: Run Behavior\ReadHtmlCacheBehavior [ RunTime:0.001000s ]
INFO: [ app_begin ] --END-- [ RunTime:0.001000s ]
NOTIC: [2048] Declaration of Home\Controller\HomeController::Show() should be compatible with Think\Controller::show($content, $charset = '', $contentType = '', $prefix = '') E:\wamp\www\zf\shuoshuo\Application\Home\Controller\HomeController.class.php 第 261 行.

[ 2014-08-28T22:36:31+08:00 ] 127.0.0.1 /shuoshuo/index.php/Home/Home/autoComm
INFO: [ app_init ] --START--
INFO: Run Behavior\BuildLiteBehavior [ RunTime:0.000000s ]
INFO: [ app_init ] --END-- [ RunTime:0.001001s ]
INFO: [ app_begin ] --START--
INFO: Run Behavior\ReadHtmlCacheBehavior [ RunTime:0.002000s ]
INFO: [ app_begin ] --END-- [ RunTime:0.002000s ]
NOTIC: [2048] Declaration of Home\Controller\HomeController::Show() should be compatible with Think\Controller::show($content, $charset = '', $contentType = '', $prefix = '') E:\wamp\www\zf\shuoshuo\Application\Home\Controller\HomeController.class.php 第 261 行.

[ 2014-08-28T22:42:00+08:00 ] 127.0.0.1 /shuoshuo/index.php/Home/Home/autoComm
INFO: [ app_init ] --START--
INFO: Run Behavior\BuildLiteBehavior [ RunTime:0.000000s ]
INFO: [ app_init ] --END-- [ RunTime:0.001000s ]
INFO: [ app_begin ] --START--
INFO: Run Behavior\ReadHtmlCacheBehavior [ RunTime:0.000000s ]
INFO: [ app_begin ] --END-- [ RunTime:0.001000s ]
NOTIC: [2048] Declaration of Home\Controller\HomeController::Show() should be compatible with Think\Controller::show($content, $charset = '', $contentType = '', $prefix = '') E:\wamp\www\zf\shuoshuo\Application\Home\Controller\HomeController.class.php 第 265 行.
NOTIC: [8] Undefined variable: res_uin E:\wamp\www\zf\shuoshuo\Application\Home\Controller\HomeController.class.php 第 213 行.
NOTIC: [8] Undefined variable: res_id E:\wamp\www\zf\shuoshuo\Application\Home\Controller\HomeController.class.php 第 213 行.
NOTIC: [8] Undefined variable: res_uin E:\wamp\www\zf\shuoshuo\Application\Home\Controller\HomeController.class.php 第 213 行.
NOTIC: [8] Undefined variable: res_id E:\wamp\www\zf\shuoshuo\Application\Home\Controller\HomeController.class.php 第 213 行.
NOTIC: [8] Undefined variable: res_type E:\wamp\www\zf\shuoshuo\Application\Home\Controller\HomeController.class.php 第 213 行.
NOTIC: [8] Undefined variable: res_id E:\wamp\www\zf\shuoshuo\Application\Home\Controller\HomeController.class.php 第 213 行.

[ 2014-08-28T22:42:58+08:00 ] 127.0.0.1 /shuoshuo/index.php/Home/Home/autoComm
INFO: [ app_init ] --START--
INFO: Run Behavior\BuildLiteBehavior [ RunTime:0.000000s ]
INFO: [ app_init ] --END-- [ RunTime:0.001000s ]
INFO: [ app_begin ] --START--
INFO: Run Behavior\ReadHtmlCacheBehavior [ RunTime:0.001001s ]
INFO: [ app_begin ] --END-- [ RunTime:0.001001s ]
NOTIC: [2048] Declaration of Home\Controller\HomeController::Show() should be compatible with Think\Controller::show($content, $charset = '', $contentType = '', $prefix = '') E:\wamp\www\zf\shuoshuo\Application\Home\Controller\HomeController.class.php 第 265 行.
NOTIC: [8] Undefined variable: res_uin E:\wamp\www\zf\shuoshuo\Application\Home\Controller\HomeController.class.php 第 213 行.
NOTIC: [8] Undefined variable: res_id E:\wamp\www\zf\shuoshuo\Application\Home\Controller\HomeController.class.php 第 213 行.
NOTIC: [8] Undefined variable: res_uin E:\wamp\www\zf\shuoshuo\Application\Home\Controller\HomeController.class.php 第 213 行.
NOTIC: [8] Undefined variable: res_id E:\wamp\www\zf\shuoshuo\Application\Home\Controller\HomeController.class.php 第 213 行.
NOTIC: [8] Undefined variable: res_type E:\wamp\www\zf\shuoshuo\Application\Home\Controller\HomeController.class.php 第 213 行.
NOTIC: [8] Undefined variable: res_id E:\wamp\www\zf\shuoshuo\Application\Home\Controller\HomeController.class.php 第 213 行.

[ 2014-08-28T22:43:05+08:00 ] 127.0.0.1 /shuoshuo/index.php/Home/Home/autoComm
INFO: [ app_init ] --START--
INFO: Run Behavior\BuildLiteBehavior [ RunTime:0.000000s ]
INFO: [ app_init ] --END-- [ RunTime:0.001000s ]
INFO: [ app_begin ] --START--
INFO: Run Behavior\ReadHtmlCacheBehavior [ RunTime:0.000000s ]
INFO: [ app_begin ] --END-- [ RunTime:0.000000s ]
NOTIC: [2048] Declaration of Home\Controller\HomeController::Show() should be compatible with Think\Controller::show($content, $charset = '', $contentType = '', $prefix = '') E:\wamp\www\zf\shuoshuo\Application\Home\Controller\HomeController.class.php 第 265 行.
NOTIC: [8] Undefined variable: res_uin E:\wamp\www\zf\shuoshuo\Application\Home\Controller\HomeController.class.php 第 213 行.
NOTIC: [8] Undefined variable: res_id E:\wamp\www\zf\shuoshuo\Application\Home\Controller\HomeController.class.php 第 213 行.
NOTIC: [8] Undefined variable: res_uin E:\wamp\www\zf\shuoshuo\Application\Home\Controller\HomeController.class.php 第 213 行.
NOTIC: [8] Undefined variable: res_id E:\wamp\www\zf\shuoshuo\Application\Home\Controller\HomeController.class.php 第 213 行.
NOTIC: [8] Undefined variable: res_type E:\wamp\www\zf\shuoshuo\Application\Home\Controller\HomeController.class.php 第 213 行.
NOTIC: [8] Undefined variable: res_id E:\wamp\www\zf\shuoshuo\Application\Home\Controller\HomeController.class.php 第 213 行.

[ 2014-08-28T22:46:01+08:00 ] 127.0.0.1 /shuoshuo/index.php/Home/Home/autoComm
INFO: [ app_init ] --START--
INFO: Run Behavior\BuildLiteBehavior [ RunTime:0.000000s ]
INFO: [ app_init ] --END-- [ RunTime:0.001000s ]
INFO: [ app_begin ] --START--
INFO: Run Behavior\ReadHtmlCacheBehavior [ RunTime:0.001000s ]
INFO: [ app_begin ] --END-- [ RunTime:0.001000s ]
NOTIC: [2048] Declaration of Home\Controller\HomeController::Show() should be compatible with Think\Controller::show($content, $charset = '', $contentType = '', $prefix = '') E:\wamp\www\zf\shuoshuo\Application\Home\Controller\HomeController.class.php 第 265 行.
NOTIC: [8] Undefined variable: res_uin E:\wamp\www\zf\shuoshuo\Application\Home\Controller\HomeController.class.php 第 213 行.
NOTIC: [8] Undefined variable: res_id E:\wamp\www\zf\shuoshuo\Application\Home\Controller\HomeController.class.php 第 213 行.
NOTIC: [8] Undefined variable: res_uin E:\wamp\www\zf\shuoshuo\Application\Home\Controller\HomeController.class.php 第 213 行.
NOTIC: [8] Undefined variable: res_id E:\wamp\www\zf\shuoshuo\Application\Home\Controller\HomeController.class.php 第 213 行.
NOTIC: [8] Undefined variable: res_type E:\wamp\www\zf\shuoshuo\Application\Home\Controller\HomeController.class.php 第 213 行.
NOTIC: [8] Undefined variable: res_id E:\wamp\www\zf\shuoshuo\Application\Home\Controller\HomeController.class.php 第 213 行.

[ 2014-08-28T22:53:35+08:00 ] 127.0.0.1 /shuoshuo/index.php/Home/Home/autoComm
INFO: [ app_init ] --START--
INFO: Run Behavior\BuildLiteBehavior [ RunTime:0.000000s ]
INFO: [ app_init ] --END-- [ RunTime:0.000000s ]
INFO: [ app_begin ] --START--
INFO: Run Behavior\ReadHtmlCacheBehavior [ RunTime:0.000000s ]
INFO: [ app_begin ] --END-- [ RunTime:0.001000s ]
NOTIC: [2048] Declaration of Home\Controller\HomeController::Show() should be compatible with Think\Controller::show($content, $charset = '', $contentType = '', $prefix = '') E:\wamp\www\zf\shuoshuo\Application\Home\Controller\HomeController.class.php 第 264 行.

[ 2014-08-28T22:53:52+08:00 ] 127.0.0.1 /shuoshuo/index.php/Home/Home/autoComm
INFO: [ app_init ] --START--
INFO: Run Behavior\BuildLiteBehavior [ RunTime:0.000000s ]
INFO: [ app_init ] --END-- [ RunTime:0.001000s ]
INFO: [ app_begin ] --START--
INFO: Run Behavior\ReadHtmlCacheBehavior [ RunTime:0.000000s ]
INFO: [ app_begin ] --END-- [ RunTime:0.001000s ]
NOTIC: [2048] Declaration of Home\Controller\HomeController::Show() should be compatible with Think\Controller::show($content, $charset = '', $contentType = '', $prefix = '') E:\wamp\www\zf\shuoshuo\Application\Home\Controller\HomeController.class.php 第 264 行.

[ 2014-08-28T22:54:01+08:00 ] 127.0.0.1 /shuoshuo/index.php/Home/Home/index
INFO: [ app_init ] --START--
INFO: Run Behavior\BuildLiteBehavior [ RunTime:0.000000s ]
INFO: [ app_init ] --END-- [ RunTime:0.001000s ]
INFO: [ app_begin ] --START--
INFO: Run Behavior\ReadHtmlCacheBehavior [ RunTime:0.001000s ]
INFO: [ app_begin ] --END-- [ RunTime:0.001000s ]
NOTIC: [2048] Declaration of Home\Controller\HomeController::Show() should be compatible with Think\Controller::show($content, $charset = '', $contentType = '', $prefix = '') E:\wamp\www\zf\shuoshuo\Application\Home\Controller\HomeController.class.php 第 264 行.
INFO: [ view_parse ] --START--
INFO: [ template_filter ] --START--
INFO: Run Behavior\ContentReplaceBehavior [ RunTime:0.000000s ]
INFO: [ template_filter ] --END-- [ RunTime:0.001000s ]
INFO: Run Behavior\ParseTemplateBehavior [ RunTime:0.028002s ]
INFO: [ view_parse ] --END-- [ RunTime:0.028002s ]
INFO: [ view_filter ] --START--
INFO: Run Behavior\WriteHtmlCacheBehavior [ RunTime:0.001000s ]
INFO: [ view_filter ] --END-- [ RunTime:0.001000s ]
INFO: [ app_end ] --START--
INFO: Run Behavior\ShowPageTraceBehavior [ RunTime:0.002000s ]
INFO: [ app_end ] --END-- [ RunTime:0.002000s ]

[ 2014-08-28T22:54:05+08:00 ] 127.0.0.1 /shuoshuo/index.php/Home/Home/show
INFO: [ app_init ] --START--
INFO: Run Behavior\BuildLiteBehavior [ RunTime:0.000000s ]
INFO: [ app_init ] --END-- [ RunTime:0.001000s ]
INFO: [ app_begin ] --START--
INFO: Run Behavior\ReadHtmlCacheBehavior [ RunTime:0.001000s ]
INFO: [ app_begin ] --END-- [ RunTime:0.001000s ]
NOTIC: [2048] Declaration of Home\Controller\HomeController::Show() should be compatible with Think\Controller::show($content, $charset = '', $contentType = '', $prefix = '') E:\wamp\www\zf\shuoshuo\Application\Home\Controller\HomeController.class.php 第 264 行.

[ 2014-08-28T22:54:09+08:00 ] 127.0.0.1 /shuoshuo/index.php/Home/Home/autoComm
INFO: [ app_init ] --START--
INFO: Run Behavior\BuildLiteBehavior [ RunTime:0.000000s ]
INFO: [ app_init ] --END-- [ RunTime:0.001000s ]
INFO: [ app_begin ] --START--
INFO: Run Behavior\ReadHtmlCacheBehavior [ RunTime:0.000000s ]
INFO: [ app_begin ] --END-- [ RunTime:0.001000s ]
NOTIC: [2048] Declaration of Home\Controller\HomeController::Show() should be compatible with Think\Controller::show($content, $charset = '', $contentType = '', $prefix = '') E:\wamp\www\zf\shuoshuo\Application\Home\Controller\HomeController.class.php 第 264 行.

[ 2014-08-28T22:55:12+08:00 ] 127.0.0.1 /shuoshuo/index.php/Home/Home/autoComm
INFO: [ app_init ] --START--
INFO: Run Behavior\BuildLiteBehavior [ RunTime:0.000000s ]
INFO: [ app_init ] --END-- [ RunTime:0.000000s ]
INFO: [ app_begin ] --START--
INFO: Run Behavior\ReadHtmlCacheBehavior [ RunTime:0.000000s ]
INFO: [ app_begin ] --END-- [ RunTime:0.000000s ]
NOTIC: [2048] Declaration of Home\Controller\HomeController::Show() should be compatible with Think\Controller::show($content, $charset = '', $contentType = '', $prefix = '') E:\wamp\www\zf\shuoshuo\Application\Home\Controller\HomeController.class.php 第 268 行.

[ 2014-08-28T22:55:20+08:00 ] 127.0.0.1 /shuoshuo/index.php/Home/Home/autoComm
INFO: [ app_init ] --START--
INFO: Run Behavior\BuildLiteBehavior [ RunTime:0.001000s ]
INFO: [ app_init ] --END-- [ RunTime:0.001000s ]
INFO: [ app_begin ] --START--
INFO: Run Behavior\ReadHtmlCacheBehavior [ RunTime:0.000000s ]
INFO: [ app_begin ] --END-- [ RunTime:0.001000s ]
NOTIC: [2048] Declaration of Home\Controller\HomeController::Show() should be compatible with Think\Controller::show($content, $charset = '', $contentType = '', $prefix = '') E:\wamp\www\zf\shuoshuo\Application\Home\Controller\HomeController.class.php 第 268 行.

[ 2014-08-28T22:56:02+08:00 ] 127.0.0.1 /shuoshuo/index.php/Home/Home/autoComm
INFO: [ app_init ] --START--
INFO: Run Behavior\BuildLiteBehavior [ RunTime:0.000000s ]
INFO: [ app_init ] --END-- [ RunTime:0.001000s ]
INFO: [ app_begin ] --START--
INFO: Run Behavior\ReadHtmlCacheBehavior [ RunTime:0.000000s ]
INFO: [ app_begin ] --END-- [ RunTime:0.000000s ]
NOTIC: [2048] Declaration of Home\Controller\HomeController::Show() should be compatible with Think\Controller::show($content, $charset = '', $contentType = '', $prefix = '') E:\wamp\www\zf\shuoshuo\Application\Home\Controller\HomeController.class.php 第 251 行.

