[ 2015-09-08T17:36:35+08:00 ] 127.0.0.1 /index.php/home/show/keyitem2
INFO: [ app_init ] --START--
INFO: Run Behavior\BuildLiteBehavior [ RunTime:0.000000s ]
INFO: [ app_init ] --END-- [ RunTime:0.000000s ]
INFO: [ app_begin ] --START--
INFO: Run Behavior\ReadHtmlCacheBehavior [ RunTime:0.001000s ]
INFO: [ app_begin ] --END-- [ RunTime:0.001000s ]
NOTIC: [8] A session had already been started - ignoring session_start() D:\wamp\www\shuoshuo\ThinkPHP\Common\functions.php 第 1191 行.
ERR: 非法操作:keyitem2

[ 2015-09-08T17:36:46+08:00 ] 127.0.0.1 /index.php/home/show/keyitem2
INFO: [ app_init ] --START--
INFO: Run Behavior\BuildLiteBehavior [ RunTime:0.001000s ]
INFO: [ app_init ] --END-- [ RunTime:0.001000s ]
INFO: [ app_begin ] --START--
INFO: Run Behavior\ReadHtmlCacheBehavior [ RunTime:0.000000s ]
INFO: [ app_begin ] --END-- [ RunTime:0.001000s ]
NOTIC: [8] A session had already been started - ignoring session_start() D:\wamp\www\shuoshuo\ThinkPHP\Common\functions.php 第 1191 行.

[ 2015-09-08T17:37:30+08:00 ] 127.0.0.1 /index.php/home/show/keyitem2
INFO: [ app_init ] --START--
INFO: Run Behavior\BuildLiteBehavior [ RunTime:0.000000s ]
INFO: [ app_init ] --END-- [ RunTime:0.001000s ]
INFO: [ app_begin ] --START--
INFO: Run Behavior\ReadHtmlCacheBehavior [ RunTime:0.000000s ]
INFO: [ app_begin ] --END-- [ RunTime:0.000000s ]
NOTIC: [8] A session had already been started - ignoring session_start() D:\wamp\www\shuoshuo\ThinkPHP\Common\functions.php 第 1191 行.

[ 2015-09-08T17:37:31+08:00 ] 127.0.0.1 /index.php/home/show/keyitem2
INFO: [ app_init ] --START--
INFO: Run Behavior\BuildLiteBehavior [ RunTime:0.000000s ]
INFO: [ app_init ] --END-- [ RunTime:0.001000s ]
INFO: [ app_begin ] --START--
INFO: Run Behavior\ReadHtmlCacheBehavior [ RunTime:0.000000s ]
INFO: [ app_begin ] --END-- [ RunTime:0.000000s ]
NOTIC: [8] A session had already been started - ignoring session_start() D:\wamp\www\shuoshuo\ThinkPHP\Common\functions.php 第 1191 行.

[ 2015-09-08T17:38:04+08:00 ] 127.0.0.1 /index.php/home/show/keyitem2
INFO: [ app_init ] --START--
INFO: Run Behavior\BuildLiteBehavior [ RunTime:0.000000s ]
INFO: [ app_init ] --END-- [ RunTime:0.001000s ]
INFO: [ app_begin ] --START--
INFO: Run Behavior\ReadHtmlCacheBehavior [ RunTime:0.000000s ]
INFO: [ app_begin ] --END-- [ RunTime:0.000000s ]
NOTIC: [8] A session had already been started - ignoring session_start() D:\wamp\www\shuoshuo\ThinkPHP\Common\functions.php 第 1191 行.

[ 2015-09-08T17:38:18+08:00 ] 127.0.0.1 /index.php/home/show/keyitem2
INFO: [ app_init ] --START--
INFO: Run Behavior\BuildLiteBehavior [ RunTime:0.000000s ]
INFO: [ app_init ] --END-- [ RunTime:0.001000s ]
INFO: [ app_begin ] --START--
INFO: Run Behavior\ReadHtmlCacheBehavior [ RunTime:0.001000s ]
INFO: [ app_begin ] --END-- [ RunTime:0.001000s ]
NOTIC: [8] A session had already been started - ignoring session_start() D:\wamp\www\shuoshuo\ThinkPHP\Common\functions.php 第 1191 行.

[ 2015-09-08T17:40:41+08:00 ] 127.0.0.1 /index.php/home/show/keyitem2
INFO: [ app_init ] --START--
INFO: Run Behavior\BuildLiteBehavior [ RunTime:0.000000s ]
INFO: [ app_init ] --END-- [ RunTime:0.001000s ]
INFO: [ app_begin ] --START--
INFO: Run Behavior\ReadHtmlCacheBehavior [ RunTime:0.000000s ]
INFO: [ app_begin ] --END-- [ RunTime:0.000000s ]
NOTIC: [8] A session had already been started - ignoring session_start() D:\wamp\www\shuoshuo\ThinkPHP\Common\functions.php 第 1191 行.

[ 2015-09-08T17:40:56+08:00 ] 127.0.0.1 /index.php/home/show/keyitem2
INFO: [ app_init ] --START--
INFO: Run Behavior\BuildLiteBehavior [ RunTime:0.000000s ]
INFO: [ app_init ] --END-- [ RunTime:0.000000s ]
INFO: [ app_begin ] --START--
INFO: Run Behavior\ReadHtmlCacheBehavior [ RunTime:0.000000s ]
INFO: [ app_begin ] --END-- [ RunTime:0.000000s ]
NOTIC: [8] A session had already been started - ignoring session_start() D:\wamp\www\shuoshuo\ThinkPHP\Common\functions.php 第 1191 行.

[ 2015-09-08T17:42:21+08:00 ] 127.0.0.1 /index.php/home/show/keyitem2
INFO: [ app_init ] --START--
INFO: Run Behavior\BuildLiteBehavior [ RunTime:0.000000s ]
INFO: [ app_init ] --END-- [ RunTime:0.000000s ]
INFO: [ app_begin ] --START--
INFO: Run Behavior\ReadHtmlCacheBehavior [ RunTime:0.000000s ]
INFO: [ app_begin ] --END-- [ RunTime:0.000000s ]
NOTIC: [8] A session had already been started - ignoring session_start() D:\wamp\www\shuoshuo\ThinkPHP\Common\functions.php 第 1191 行.

[ 2015-09-08T17:46:35+08:00 ] 127.0.0.1 /index.php/home/show/keyitem2
INFO: [ app_init ] --START--
INFO: Run Behavior\BuildLiteBehavior [ RunTime:0.000000s ]
INFO: [ app_init ] --END-- [ RunTime:0.000000s ]
INFO: [ app_begin ] --START--
INFO: Run Behavior\ReadHtmlCacheBehavior [ RunTime:0.001000s ]
INFO: [ app_begin ] --END-- [ RunTime:0.001000s ]
NOTIC: [8] A session had already been started - ignoring session_start() D:\wamp\www\shuoshuo\ThinkPHP\Common\functions.php 第 1191 行.

[ 2015-09-08T17:47:11+08:00 ] 127.0.0.1 /index.php/home/show/keyitem2
INFO: [ app_init ] --START--
INFO: Run Behavior\BuildLiteBehavior [ RunTime:0.000000s ]
INFO: [ app_init ] --END-- [ RunTime:0.000000s ]
INFO: [ app_begin ] --START--
INFO: Run Behavior\ReadHtmlCacheBehavior [ RunTime:0.000000s ]
INFO: [ app_begin ] --END-- [ RunTime:0.000000s ]
NOTIC: [8] A session had already been started - ignoring session_start() D:\wamp\www\shuoshuo\ThinkPHP\Common\functions.php 第 1192 行.

[ 2015-09-08T17:47:34+08:00 ] 127.0.0.1 /index.php/home/show/keyitem2
INFO: [ app_init ] --START--
INFO: Run Behavior\BuildLiteBehavior [ RunTime:0.000000s ]
INFO: [ app_init ] --END-- [ RunTime:0.000000s ]
INFO: [ app_begin ] --START--
INFO: Run Behavior\ReadHtmlCacheBehavior [ RunTime:0.000000s ]
INFO: [ app_begin ] --END-- [ RunTime:0.000000s ]
NOTIC: [8] A session had already been started - ignoring session_start() D:\wamp\www\shuoshuo\ThinkPHP\Common\functions.php 第 1192 行.

[ 2015-09-08T17:47:50+08:00 ] 127.0.0.1 /index.php/home/show/keyitem2
INFO: [ app_init ] --START--
INFO: Run Behavior\BuildLiteBehavior [ RunTime:0.000000s ]
INFO: [ app_init ] --END-- [ RunTime:0.001001s ]
INFO: [ app_begin ] --START--
INFO: Run Behavior\ReadHtmlCacheBehavior [ RunTime:0.000000s ]
INFO: [ app_begin ] --END-- [ RunTime:0.000000s ]
NOTIC: [8] A session had already been started - ignoring session_start() D:\wamp\www\shuoshuo\ThinkPHP\Common\functions.php 第 1192 行.

[ 2015-09-08T17:48:45+08:00 ] 127.0.0.1 /index.php/home/show/keyitem2
INFO: [ app_init ] --START--
INFO: Run Behavior\BuildLiteBehavior [ RunTime:0.000000s ]
INFO: [ app_init ] --END-- [ RunTime:0.000000s ]
INFO: [ app_begin ] --START--
INFO: Run Behavior\ReadHtmlCacheBehavior [ RunTime:0.001000s ]
INFO: [ app_begin ] --END-- [ RunTime:0.001000s ]
NOTIC: [8] A session had already been started - ignoring session_start() D:\wamp\www\shuoshuo\ThinkPHP\Common\functions.php 第 1192 行.

[ 2015-09-08T17:49:31+08:00 ] 127.0.0.1 /index.php/home/show/keyitem2
INFO: [ app_init ] --START--
INFO: Run Behavior\BuildLiteBehavior [ RunTime:0.001000s ]
INFO: [ app_init ] --END-- [ RunTime:0.002000s ]
INFO: [ app_begin ] --START--
INFO: Run Behavior\ReadHtmlCacheBehavior [ RunTime:0.001000s ]
INFO: [ app_begin ] --END-- [ RunTime:0.001000s ]
NOTIC: [8] A session had already been started - ignoring session_start() D:\wamp\www\shuoshuo\ThinkPHP\Common\functions.php 第 1191 行.

[ 2015-09-08T17:49:49+08:00 ] 127.0.0.1 /index.php/home/show/keyitem2
INFO: [ app_init ] --START--
INFO: Run Behavior\BuildLiteBehavior [ RunTime:0.000000s ]
INFO: [ app_init ] --END-- [ RunTime:0.001000s ]
INFO: [ app_begin ] --START--
INFO: Run Behavior\ReadHtmlCacheBehavior [ RunTime:0.000000s ]
INFO: [ app_begin ] --END-- [ RunTime:0.000000s ]
NOTIC: [8] A session had already been started - ignoring session_start() D:\wamp\www\shuoshuo\ThinkPHP\Common\functions.php 第 1191 行.

[ 2015-09-08T17:50:01+08:00 ] 127.0.0.1 /index.php/home/show/keyitem2
INFO: [ app_init ] --START--
INFO: Run Behavior\BuildLiteBehavior [ RunTime:0.000000s ]
INFO: [ app_init ] --END-- [ RunTime:0.001000s ]
INFO: [ app_begin ] --START--
INFO: Run Behavior\ReadHtmlCacheBehavior [ RunTime:0.001000s ]
INFO: [ app_begin ] --END-- [ RunTime:0.001000s ]
NOTIC: [8] A session had already been started - ignoring session_start() D:\wamp\www\shuoshuo\ThinkPHP\Common\functions.php 第 1191 行.

[ 2015-09-08T17:50:32+08:00 ] 127.0.0.1 /index.php/home/show/keyitem2
INFO: [ app_init ] --START--
INFO: Run Behavior\BuildLiteBehavior [ RunTime:0.000000s ]
INFO: [ app_init ] --END-- [ RunTime:0.000000s ]
INFO: [ app_begin ] --START--
INFO: Run Behavior\ReadHtmlCacheBehavior [ RunTime:0.001000s ]
INFO: [ app_begin ] --END-- [ RunTime:0.002000s ]
NOTIC: [8] A session had already been started - ignoring session_start() D:\wamp\www\shuoshuo\ThinkPHP\Common\functions.php 第 1191 行.
INFO: [ app_end ] --START--
INFO: Run Behavior\ShowPageTraceBehavior [ RunTime:0.001000s ]
INFO: [ app_end ] --END-- [ RunTime:0.001000s ]

[ 2015-09-08T17:50:39+08:00 ] 127.0.0.1 /index.php/home/show/keyitem2
INFO: [ app_init ] --START--
INFO: Run Behavior\BuildLiteBehavior [ RunTime:0.000000s ]
INFO: [ app_init ] --END-- [ RunTime:0.000000s ]
INFO: [ app_begin ] --START--
INFO: Run Behavior\ReadHtmlCacheBehavior [ RunTime:0.000000s ]
INFO: [ app_begin ] --END-- [ RunTime:0.001000s ]
NOTIC: [8] A session had already been started - ignoring session_start() D:\wamp\www\shuoshuo\ThinkPHP\Common\functions.php 第 1191 行.

[ 2015-09-08T17:50:41+08:00 ] 127.0.0.1 /index.php/home/show/keyitem2
INFO: [ app_init ] --START--
INFO: Run Behavior\BuildLiteBehavior [ RunTime:0.000000s ]
INFO: [ app_init ] --END-- [ RunTime:0.000000s ]
INFO: [ app_begin ] --START--
INFO: Run Behavior\ReadHtmlCacheBehavior [ RunTime:0.001001s ]
INFO: [ app_begin ] --END-- [ RunTime:0.001001s ]
NOTIC: [8] A session had already been started - ignoring session_start() D:\wamp\www\shuoshuo\ThinkPHP\Common\functions.php 第 1191 行.

[ 2015-09-08T18:13:31+08:00 ] 127.0.0.1 /index.php/home/show/keyitem2
INFO: [ app_init ] --START--
INFO: Run Behavior\BuildLiteBehavior [ RunTime:0.000000s ]
INFO: [ app_init ] --END-- [ RunTime:0.000000s ]
INFO: [ app_begin ] --START--
INFO: Run Behavior\ReadHtmlCacheBehavior [ RunTime:0.000000s ]
INFO: [ app_begin ] --END-- [ RunTime:0.000000s ]
NOTIC: [8] A session had already been started - ignoring session_start() D:\wamp\www\shuoshuo\ThinkPHP\Common\functions.php 第 1191 行.

[ 2015-09-08T18:13:35+08:00 ] 127.0.0.1 /index.php/home/show/keyitem2
INFO: [ app_init ] --START--
INFO: Run Behavior\BuildLiteBehavior [ RunTime:0.000000s ]
INFO: [ app_init ] --END-- [ RunTime:0.001001s ]
INFO: [ app_begin ] --START--
INFO: Run Behavior\ReadHtmlCacheBehavior [ RunTime:0.000000s ]
INFO: [ app_begin ] --END-- [ RunTime:0.000000s ]
NOTIC: [8] A session had already been started - ignoring session_start() D:\wamp\www\shuoshuo\ThinkPHP\Common\functions.php 第 1191 行.

[ 2015-09-08T18:15:06+08:00 ] 127.0.0.1 /index.php/home/show/keyitem2
INFO: [ app_init ] --START--
INFO: Run Behavior\BuildLiteBehavior [ RunTime:0.000000s ]
INFO: [ app_init ] --END-- [ RunTime:0.000000s ]
INFO: [ app_begin ] --START--
INFO: Run Behavior\ReadHtmlCacheBehavior [ RunTime:0.001000s ]
INFO: [ app_begin ] --END-- [ RunTime:0.001000s ]
NOTIC: [8] A session had already been started - ignoring session_start() D:\wamp\www\shuoshuo\ThinkPHP\Common\functions.php 第 1191 行.

[ 2015-09-08T21:45:16+08:00 ] 127.0.0.1 /index.php/home/home/index
INFO: [ app_init ] --START--
INFO: Run Behavior\BuildLiteBehavior [ RunTime:0.000077s ]
INFO: [ app_init ] --END-- [ RunTime:0.010337s ]
INFO: [ app_begin ] --START--
INFO: Run Behavior\ReadHtmlCacheBehavior [ RunTime:0.001739s ]
INFO: [ app_begin ] --END-- [ RunTime:0.002100s ]
NOTIC: [2048] Declaration of Home\Controller\HomeController::Show() should be compatible with Think\Controller::show($content, $charset = '', $contentType = '', $prefix = '') E:\wamp\www\shuoshuo\Application\Home\Controller\HomeController.class.php 第 351 行.
INFO: [ view_parse ] --START--
INFO: [ template_filter ] --START--
INFO: Run Behavior\ContentReplaceBehavior [ RunTime:0.000146s ]
INFO: [ template_filter ] --END-- [ RunTime:0.000376s ]
INFO: Run Behavior\ParseTemplateBehavior [ RunTime:0.034583s ]
INFO: [ view_parse ] --END-- [ RunTime:0.035066s ]
INFO: [ view_filter ] --START--
INFO: Run Behavior\WriteHtmlCacheBehavior [ RunTime:0.000808s ]
INFO: [ view_filter ] --END-- [ RunTime:0.001021s ]

[ 2015-09-08T21:45:19+08:00 ] 127.0.0.1 /
INFO: [ app_init ] --START--
INFO: Run Behavior\BuildLiteBehavior [ RunTime:0.000036s ]
INFO: [ app_init ] --END-- [ RunTime:0.000523s ]
INFO: [ app_begin ] --START--
INFO: Run Behavior\ReadHtmlCacheBehavior [ RunTime:0.000544s ]
INFO: [ app_begin ] --END-- [ RunTime:0.000694s ]
INFO: [ view_parse ] --START--
INFO: [ template_filter ] --START--
INFO: Run Behavior\ContentReplaceBehavior [ RunTime:0.000073s ]
INFO: [ template_filter ] --END-- [ RunTime:0.000211s ]
INFO: Run Behavior\ParseTemplateBehavior [ RunTime:0.006320s ]
INFO: [ view_parse ] --END-- [ RunTime:0.006475s ]
INFO: [ view_filter ] --START--
INFO: Run Behavior\WriteHtmlCacheBehavior [ RunTime:0.000295s ]
INFO: [ view_filter ] --END-- [ RunTime:0.000413s ]
INFO: [ app_end ] --START--
INFO: Run Behavior\ShowPageTraceBehavior [ RunTime:0.000750s ]
INFO: [ app_end ] --END-- [ RunTime:0.000871s ]

[ 2015-09-08T21:45:56+08:00 ] 127.0.0.1 /index.php
INFO: [ app_init ] --START--
INFO: Run Behavior\BuildLiteBehavior [ RunTime:0.000052s ]
INFO: [ app_init ] --END-- [ RunTime:0.000771s ]
INFO: [ app_begin ] --START--
INFO: Run Behavior\ReadHtmlCacheBehavior [ RunTime:0.000826s ]
INFO: [ app_begin ] --END-- [ RunTime:0.001081s ]
INFO: [ view_parse ] --START--
INFO: [ template_filter ] --START--
INFO: Run Behavior\ContentReplaceBehavior [ RunTime:0.000077s ]
INFO: [ template_filter ] --END-- [ RunTime:0.000222s ]
INFO: Run Behavior\ParseTemplateBehavior [ RunTime:0.007830s ]
INFO: [ view_parse ] --END-- [ RunTime:0.008094s ]
INFO: [ view_filter ] --START--
INFO: Run Behavior\WriteHtmlCacheBehavior [ RunTime:0.000528s ]
INFO: [ view_filter ] --END-- [ RunTime:0.000762s ]
INFO: [ app_end ] --START--
INFO: Run Behavior\ShowPageTraceBehavior [ RunTime:0.000822s ]
INFO: [ app_end ] --END-- [ RunTime:0.001064s ]

[ 2015-09-08T21:46:05+08:00 ] 127.0.0.1 /
INFO: [ app_init ] --START--
INFO: Run Behavior\BuildLiteBehavior [ RunTime:0.000052s ]
INFO: [ app_init ] --END-- [ RunTime:0.000671s ]
INFO: [ app_begin ] --START--
INFO: Run Behavior\ReadHtmlCacheBehavior [ RunTime:0.000792s ]
INFO: [ app_begin ] --END-- [ RunTime:0.001067s ]
INFO: [ view_parse ] --START--
INFO: [ template_filter ] --START--
INFO: Run Behavior\ContentReplaceBehavior [ RunTime:0.000094s ]
INFO: [ template_filter ] --END-- [ RunTime:0.000237s ]
INFO: Run Behavior\ParseTemplateBehavior [ RunTime:0.007860s ]
INFO: [ view_parse ] --END-- [ RunTime:0.008115s ]
INFO: [ view_filter ] --START--
INFO: Run Behavior\WriteHtmlCacheBehavior [ RunTime:0.000375s ]
INFO: [ view_filter ] --END-- [ RunTime:0.000596s ]
INFO: [ app_end ] --START--
INFO: Run Behavior\ShowPageTraceBehavior [ RunTime:0.000631s ]
INFO: [ app_end ] --END-- [ RunTime:0.000868s ]

[ 2015-09-08T21:46:22+08:00 ] 127.0.0.1 /index.php?home/index/index
INFO: [ app_init ] --START--
INFO: Run Behavior\BuildLiteBehavior [ RunTime:0.000028s ]
INFO: [ app_init ] --END-- [ RunTime:0.000398s ]
INFO: [ app_begin ] --START--
INFO: Run Behavior\ReadHtmlCacheBehavior [ RunTime:0.000503s ]
INFO: [ app_begin ] --END-- [ RunTime:0.000649s ]
INFO: [ view_parse ] --START--
INFO: [ template_filter ] --START--
INFO: Run Behavior\ContentReplaceBehavior [ RunTime:0.000078s ]
INFO: [ template_filter ] --END-- [ RunTime:0.000220s ]
INFO: Run Behavior\ParseTemplateBehavior [ RunTime:0.006580s ]
INFO: [ view_parse ] --END-- [ RunTime:0.006717s ]
INFO: [ view_filter ] --START--
INFO: Run Behavior\WriteHtmlCacheBehavior [ RunTime:0.000269s ]
INFO: [ view_filter ] --END-- [ RunTime:0.000393s ]
INFO: [ app_end ] --START--
INFO: Run Behavior\ShowPageTraceBehavior [ RunTime:0.000457s ]
INFO: [ app_end ] --END-- [ RunTime:0.000584s ]

[ 2015-09-08T21:46:49+08:00 ] 127.0.0.1 /index.php?home/index/index
INFO: [ app_init ] --START--
INFO: Run Behavior\BuildLiteBehavior [ RunTime:0.000027s ]
INFO: [ app_init ] --END-- [ RunTime:0.000409s ]
INFO: [ app_begin ] --START--
INFO: Run Behavior\ReadHtmlCacheBehavior [ RunTime:0.000436s ]
INFO: [ app_begin ] --END-- [ RunTime:0.000583s ]
INFO: [ view_parse ] --START--
INFO: [ template_filter ] --START--
INFO: Run Behavior\ContentReplaceBehavior [ RunTime:0.000139s ]
INFO: [ template_filter ] --END-- [ RunTime:0.000419s ]
INFO: Run Behavior\ParseTemplateBehavior [ RunTime:0.007198s ]
INFO: [ view_parse ] --END-- [ RunTime:0.007361s ]
INFO: [ view_filter ] --START--
INFO: Run Behavior\WriteHtmlCacheBehavior [ RunTime:0.000292s ]
INFO: [ view_filter ] --END-- [ RunTime:0.000417s ]
INFO: [ app_end ] --START--
INFO: Run Behavior\ShowPageTraceBehavior [ RunTime:0.000458s ]
INFO: [ app_end ] --END-- [ RunTime:0.000584s ]

[ 2015-09-08T21:46:54+08:00 ] 127.0.0.1 /index.php?home/index/login
INFO: [ app_init ] --START--
INFO: Run Behavior\BuildLiteBehavior [ RunTime:0.000039s ]
INFO: [ app_init ] --END-- [ RunTime:0.000489s ]
INFO: [ app_begin ] --START--
INFO: Run Behavior\ReadHtmlCacheBehavior [ RunTime:0.000650s ]
INFO: [ app_begin ] --END-- [ RunTime:0.000831s ]
INFO: [ view_parse ] --START--
INFO: [ template_filter ] --START--
INFO: Run Behavior\ContentReplaceBehavior [ RunTime:0.000082s ]
INFO: [ template_filter ] --END-- [ RunTime:0.000222s ]
INFO: Run Behavior\ParseTemplateBehavior [ RunTime:0.006897s ]
INFO: [ view_parse ] --END-- [ RunTime:0.007043s ]
INFO: [ view_filter ] --START--
INFO: Run Behavior\WriteHtmlCacheBehavior [ RunTime:0.000331s ]
INFO: [ view_filter ] --END-- [ RunTime:0.000456s ]
INFO: [ app_end ] --START--
INFO: Run Behavior\ShowPageTraceBehavior [ RunTime:0.000552s ]
INFO: [ app_end ] --END-- [ RunTime:0.000678s ]

[ 2015-09-08T21:47:05+08:00 ] 127.0.0.1 /index.php?home/index/login
INFO: [ app_init ] --START--
INFO: Run Behavior\BuildLiteBehavior [ RunTime:0.000028s ]
INFO: [ app_init ] --END-- [ RunTime:0.000384s ]
INFO: [ app_begin ] --START--
INFO: Run Behavior\ReadHtmlCacheBehavior [ RunTime:0.000403s ]
INFO: [ app_begin ] --END-- [ RunTime:0.000559s ]
INFO: [ view_parse ] --START--
INFO: [ template_filter ] --START--
INFO: Run Behavior\ContentReplaceBehavior [ RunTime:0.000079s ]
INFO: [ template_filter ] --END-- [ RunTime:0.000234s ]
INFO: Run Behavior\ParseTemplateBehavior [ RunTime:0.006272s ]
INFO: [ view_parse ] --END-- [ RunTime:0.006448s ]
INFO: [ view_filter ] --START--
INFO: Run Behavior\WriteHtmlCacheBehavior [ RunTime:0.000298s ]
INFO: [ view_filter ] --END-- [ RunTime:0.000422s ]
INFO: [ app_end ] --START--
INFO: Run Behavior\ShowPageTraceBehavior [ RunTime:0.000587s ]
INFO: [ app_end ] --END-- [ RunTime:0.000728s ]

[ 2015-09-08T21:47:10+08:00 ] 127.0.0.1 /index.php?home/index/login
INFO: [ app_init ] --START--
INFO: Run Behavior\BuildLiteBehavior [ RunTime:0.000031s ]
INFO: [ app_init ] --END-- [ RunTime:0.000535s ]
INFO: [ app_begin ] --START--
INFO: Run Behavior\ReadHtmlCacheBehavior [ RunTime:0.000464s ]
INFO: [ app_begin ] --END-- [ RunTime:0.000626s ]
INFO: [ view_parse ] --START--
INFO: [ template_filter ] --START--
INFO: Run Behavior\ContentReplaceBehavior [ RunTime:0.000083s ]
INFO: [ template_filter ] --END-- [ RunTime:0.000224s ]
INFO: Run Behavior\ParseTemplateBehavior [ RunTime:0.006383s ]
INFO: [ view_parse ] --END-- [ RunTime:0.006548s ]
INFO: [ view_filter ] --START--
INFO: Run Behavior\WriteHtmlCacheBehavior [ RunTime:0.000275s ]
INFO: [ view_filter ] --END-- [ RunTime:0.000398s ]
INFO: [ app_end ] --START--
INFO: Run Behavior\ShowPageTraceBehavior [ RunTime:0.000466s ]
INFO: [ app_end ] --END-- [ RunTime:0.000600s ]

[ 2015-09-08T21:47:22+08:00 ] 127.0.0.1 //index.php?home/index/login
INFO: [ app_init ] --START--
INFO: Run Behavior\BuildLiteBehavior [ RunTime:0.000030s ]
INFO: [ app_init ] --END-- [ RunTime:0.000427s ]
INFO: [ app_begin ] --START--
INFO: Run Behavior\ReadHtmlCacheBehavior [ RunTime:0.000500s ]
INFO: [ app_begin ] --END-- [ RunTime:0.000679s ]
INFO: [ view_parse ] --START--
INFO: [ template_filter ] --START--
INFO: Run Behavior\ContentReplaceBehavior [ RunTime:0.000074s ]
INFO: [ template_filter ] --END-- [ RunTime:0.000208s ]
INFO: Run Behavior\ParseTemplateBehavior [ RunTime:0.006502s ]
INFO: [ view_parse ] --END-- [ RunTime:0.006646s ]
INFO: [ view_filter ] --START--
INFO: Run Behavior\WriteHtmlCacheBehavior [ RunTime:0.000266s ]
INFO: [ view_filter ] --END-- [ RunTime:0.000384s ]
INFO: [ app_end ] --START--
INFO: Run Behavior\ShowPageTraceBehavior [ RunTime:0.000411s ]
INFO: [ app_end ] --END-- [ RunTime:0.000528s ]

[ 2015-09-08T21:47:27+08:00 ] 127.0.0.1 /index.php?home/index/login
INFO: [ app_init ] --START--
INFO: Run Behavior\BuildLiteBehavior [ RunTime:0.000031s ]
INFO: [ app_init ] --END-- [ RunTime:0.000423s ]
INFO: [ app_begin ] --START--
INFO: Run Behavior\ReadHtmlCacheBehavior [ RunTime:0.000453s ]
INFO: [ app_begin ] --END-- [ RunTime:0.000588s ]
INFO: [ view_parse ] --START--
INFO: [ template_filter ] --START--
INFO: Run Behavior\ContentReplaceBehavior [ RunTime:0.000078s ]
INFO: [ template_filter ] --END-- [ RunTime:0.000223s ]
INFO: Run Behavior\ParseTemplateBehavior [ RunTime:0.006600s ]
INFO: [ view_parse ] --END-- [ RunTime:0.006810s ]
INFO: [ view_filter ] --START--
INFO: Run Behavior\WriteHtmlCacheBehavior [ RunTime:0.000288s ]
INFO: [ view_filter ] --END-- [ RunTime:0.000475s ]
INFO: [ app_end ] --START--
INFO: Run Behavior\ShowPageTraceBehavior [ RunTime:0.000725s ]
INFO: [ app_end ] --END-- [ RunTime:0.000988s ]

[ 2015-09-08T21:48:08+08:00 ] 127.0.0.1 /index.php?home/index/login
INFO: [ app_init ] --START--
INFO: Run Behavior\BuildLiteBehavior [ RunTime:0.000036s ]
INFO: [ app_init ] --END-- [ RunTime:0.000446s ]
INFO: [ app_begin ] --START--
INFO: Run Behavior\ReadHtmlCacheBehavior [ RunTime:0.000527s ]
INFO: [ app_begin ] --END-- [ RunTime:0.000671s ]
INFO: [ view_parse ] --START--
INFO: [ template_filter ] --START--
INFO: Run Behavior\ContentReplaceBehavior [ RunTime:0.000074s ]
INFO: [ template_filter ] --END-- [ RunTime:0.000205s ]
INFO: Run Behavior\ParseTemplateBehavior [ RunTime:0.006360s ]
INFO: [ view_parse ] --END-- [ RunTime:0.006512s ]
INFO: [ view_filter ] --START--
INFO: Run Behavior\WriteHtmlCacheBehavior [ RunTime:0.000310s ]
INFO: [ view_filter ] --END-- [ RunTime:0.000454s ]
INFO: [ app_end ] --START--
INFO: Run Behavior\ShowPageTraceBehavior [ RunTime:0.000497s ]
INFO: [ app_end ] --END-- [ RunTime:0.000613s ]

[ 2015-09-08T21:48:11+08:00 ] 127.0.0.1 /
INFO: [ app_init ] --START--
INFO: Run Behavior\BuildLiteBehavior [ RunTime:0.000030s ]
INFO: [ app_init ] --END-- [ RunTime:0.000438s ]
INFO: [ app_begin ] --START--
INFO: Run Behavior\ReadHtmlCacheBehavior [ RunTime:0.000577s ]
INFO: [ app_begin ] --END-- [ RunTime:0.000716s ]
INFO: [ view_parse ] --START--
INFO: [ template_filter ] --START--
INFO: Run Behavior\ContentReplaceBehavior [ RunTime:0.000078s ]
INFO: [ template_filter ] --END-- [ RunTime:0.000220s ]
INFO: Run Behavior\ParseTemplateBehavior [ RunTime:0.008125s ]
INFO: [ view_parse ] --END-- [ RunTime:0.008352s ]
INFO: [ view_filter ] --START--
INFO: Run Behavior\WriteHtmlCacheBehavior [ RunTime:0.000415s ]
INFO: [ view_filter ] --END-- [ RunTime:0.000606s ]
INFO: [ app_end ] --START--
INFO: Run Behavior\ShowPageTraceBehavior [ RunTime:0.000555s ]
INFO: [ app_end ] --END-- [ RunTime:0.000686s ]

[ 2015-09-08T21:51:41+08:00 ] 127.0.0.1 /
INFO: [ app_init ] --START--
INFO: Run Behavior\BuildLiteBehavior [ RunTime:0.000057s ]
INFO: [ app_init ] --END-- [ RunTime:0.000806s ]
INFO: [ app_begin ] --START--
INFO: Run Behavior\ReadHtmlCacheBehavior [ RunTime:0.001046s ]
INFO: [ app_begin ] --END-- [ RunTime:0.001391s ]
INFO: [ view_parse ] --START--
INFO: [ template_filter ] --START--
INFO: Run Behavior\ContentReplaceBehavior [ RunTime:0.000082s ]
INFO: [ template_filter ] --END-- [ RunTime:0.000278s ]
INFO: Run Behavior\ParseTemplateBehavior [ RunTime:0.009665s ]
INFO: [ view_parse ] --END-- [ RunTime:0.009996s ]
INFO: [ view_filter ] --START--
INFO: Run Behavior\WriteHtmlCacheBehavior [ RunTime:0.000348s ]
INFO: [ view_filter ] --END-- [ RunTime:0.000474s ]
INFO: [ app_end ] --START--
INFO: Run Behavior\ShowPageTraceBehavior [ RunTime:0.000593s ]
INFO: [ app_end ] --END-- [ RunTime:0.000733s ]

[ 2015-09-08T21:52:27+08:00 ] 127.0.0.1 /
INFO: [ app_init ] --START--
INFO: Run Behavior\BuildLiteBehavior [ RunTime:0.000044s ]
INFO: [ app_init ] --END-- [ RunTime:0.000710s ]
INFO: [ app_begin ] --START--
INFO: Run Behavior\ReadHtmlCacheBehavior [ RunTime:0.000479s ]
INFO: [ app_begin ] --END-- [ RunTime:0.000632s ]
INFO: [ view_parse ] --START--
INFO: [ template_filter ] --START--
INFO: Run Behavior\ContentReplaceBehavior [ RunTime:0.000096s ]
INFO: [ template_filter ] --END-- [ RunTime:0.000288s ]
INFO: Run Behavior\ParseTemplateBehavior [ RunTime:0.007235s ]
INFO: [ view_parse ] --END-- [ RunTime:0.007465s ]
INFO: [ view_filter ] --START--
INFO: Run Behavior\WriteHtmlCacheBehavior [ RunTime:0.000390s ]
INFO: [ view_filter ] --END-- [ RunTime:0.000528s ]
INFO: [ app_end ] --START--
INFO: Run Behavior\ShowPageTraceBehavior [ RunTime:0.000552s ]
INFO: [ app_end ] --END-- [ RunTime:0.000774s ]

[ 2015-09-08T21:52:28+08:00 ] 127.0.0.1 /
INFO: [ app_init ] --START--
INFO: Run Behavior\BuildLiteBehavior [ RunTime:0.000032s ]
INFO: [ app_init ] --END-- [ RunTime:0.000487s ]
INFO: [ app_begin ] --START--
INFO: Run Behavior\ReadHtmlCacheBehavior [ RunTime:0.000541s ]
INFO: [ app_begin ] --END-- [ RunTime:0.000678s ]
INFO: [ view_parse ] --START--
INFO: [ template_filter ] --START--
INFO: Run Behavior\ContentReplaceBehavior [ RunTime:0.000075s ]
INFO: [ template_filter ] --END-- [ RunTime:0.000212s ]
INFO: Run Behavior\ParseTemplateBehavior [ RunTime:0.006696s ]
INFO: [ view_parse ] --END-- [ RunTime:0.006853s ]
INFO: [ view_filter ] --START--
INFO: Run Behavior\WriteHtmlCacheBehavior [ RunTime:0.000380s ]
INFO: [ view_filter ] --END-- [ RunTime:0.000508s ]
INFO: [ app_end ] --START--
INFO: Run Behavior\ShowPageTraceBehavior [ RunTime:0.000508s ]
INFO: [ app_end ] --END-- [ RunTime:0.000688s ]

[ 2015-09-08T21:52:28+08:00 ] 127.0.0.1 /
INFO: [ app_init ] --START--
INFO: Run Behavior\BuildLiteBehavior [ RunTime:0.000074s ]
INFO: [ app_init ] --END-- [ RunTime:0.000626s ]
INFO: [ app_begin ] --START--
INFO: Run Behavior\ReadHtmlCacheBehavior [ RunTime:0.000479s ]
INFO: [ app_begin ] --END-- [ RunTime:0.000629s ]
INFO: [ view_parse ] --START--
INFO: [ template_filter ] --START--
INFO: Run Behavior\ContentReplaceBehavior [ RunTime:0.000078s ]
INFO: [ template_filter ] --END-- [ RunTime:0.000231s ]
INFO: Run Behavior\ParseTemplateBehavior [ RunTime:0.006367s ]
INFO: [ view_parse ] --END-- [ RunTime:0.006609s ]
INFO: [ view_filter ] --START--
INFO: Run Behavior\WriteHtmlCacheBehavior [ RunTime:0.000340s ]
INFO: [ view_filter ] --END-- [ RunTime:0.000472s ]
INFO: [ app_end ] --START--
INFO: Run Behavior\ShowPageTraceBehavior [ RunTime:0.000447s ]
INFO: [ app_end ] --END-- [ RunTime:0.000590s ]

[ 2015-09-08T21:52:44+08:00 ] 127.0.0.1 /
INFO: [ app_init ] --START--
INFO: Run Behavior\BuildLiteBehavior [ RunTime:0.000052s ]
INFO: [ app_init ] --END-- [ RunTime:0.000969s ]
INFO: [ app_begin ] --START--
INFO: Run Behavior\ReadHtmlCacheBehavior [ RunTime:0.000804s ]
INFO: [ app_begin ] --END-- [ RunTime:0.001117s ]
INFO: [ view_parse ] --START--
INFO: [ template_filter ] --START--
INFO: Run Behavior\ContentReplaceBehavior [ RunTime:0.000108s ]
INFO: [ template_filter ] --END-- [ RunTime:0.000259s ]
INFO: Run Behavior\ParseTemplateBehavior [ RunTime:0.007721s ]
INFO: [ view_parse ] --END-- [ RunTime:0.007915s ]
INFO: [ view_filter ] --START--
INFO: Run Behavior\WriteHtmlCacheBehavior [ RunTime:0.000294s ]
INFO: [ view_filter ] --END-- [ RunTime:0.000421s ]
INFO: [ app_end ] --START--
INFO: Run Behavior\ShowPageTraceBehavior [ RunTime:0.000491s ]
INFO: [ app_end ] --END-- [ RunTime:0.000618s ]

[ 2015-09-08T21:53:04+08:00 ] 127.0.0.1 /index.php/home/index/index
INFO: [ app_init ] --START--
INFO: Run Behavior\BuildLiteBehavior [ RunTime:0.000055s ]
INFO: [ app_init ] --END-- [ RunTime:0.000830s ]
INFO: [ app_begin ] --START--
INFO: Run Behavior\ReadHtmlCacheBehavior [ RunTime:0.000601s ]
INFO: [ app_begin ] --END-- [ RunTime:0.000746s ]
INFO: [ view_parse ] --START--
INFO: [ template_filter ] --START--
INFO: Run Behavior\ContentReplaceBehavior [ RunTime:0.000185s ]
INFO: [ template_filter ] --END-- [ RunTime:0.000432s ]
INFO: Run Behavior\ParseTemplateBehavior [ RunTime:0.011197s ]
INFO: [ view_parse ] --END-- [ RunTime:0.011613s ]
INFO: [ view_filter ] --START--
INFO: Run Behavior\WriteHtmlCacheBehavior [ RunTime:0.000648s ]
INFO: [ view_filter ] --END-- [ RunTime:0.000923s ]
INFO: [ app_end ] --START--
INFO: Run Behavior\ShowPageTraceBehavior [ RunTime:0.001454s ]
INFO: [ app_end ] --END-- [ RunTime:0.001723s ]

[ 2015-09-08T21:53:22+08:00 ] 127.0.0.1 /index.php/home/index/index
INFO: [ app_init ] --START--
INFO: Run Behavior\BuildLiteBehavior [ RunTime:0.000058s ]
INFO: [ app_init ] --END-- [ RunTime:0.000789s ]
INFO: [ app_begin ] --START--
INFO: Run Behavior\ReadHtmlCacheBehavior [ RunTime:0.001222s ]
INFO: [ app_begin ] --END-- [ RunTime:0.001589s ]
INFO: [ view_parse ] --START--
INFO: [ template_filter ] --START--
INFO: Run Behavior\ContentReplaceBehavior [ RunTime:0.000133s ]
INFO: [ template_filter ] --END-- [ RunTime:0.000380s ]
INFO: Run Behavior\ParseTemplateBehavior [ RunTime:0.013949s ]
INFO: [ view_parse ] --END-- [ RunTime:0.014256s ]
INFO: [ view_filter ] --START--
INFO: Run Behavior\WriteHtmlCacheBehavior [ RunTime:0.000802s ]
INFO: [ view_filter ] --END-- [ RunTime:0.001101s ]
INFO: [ app_end ] --START--
INFO: Run Behavior\ShowPageTraceBehavior [ RunTime:0.000673s ]
INFO: [ app_end ] --END-- [ RunTime:0.000811s ]

[ 2015-09-08T21:53:51+08:00 ] 127.0.0.1 /index.php/home/index/login
INFO: [ app_init ] --START--
INFO: Run Behavior\BuildLiteBehavior [ RunTime:0.000032s ]
INFO: [ app_init ] --END-- [ RunTime:0.000525s ]
INFO: [ app_begin ] --START--
INFO: Run Behavior\ReadHtmlCacheBehavior [ RunTime:0.000854s ]
INFO: [ app_begin ] --END-- [ RunTime:0.001077s ]

[ 2015-09-08T21:55:29+08:00 ] 127.0.0.1 /index.php/home/index/login
INFO: [ app_init ] --START--
INFO: Run Behavior\BuildLiteBehavior [ RunTime:0.000029s ]
INFO: [ app_init ] --END-- [ RunTime:0.000445s ]
INFO: [ app_begin ] --START--
INFO: Run Behavior\ReadHtmlCacheBehavior [ RunTime:0.000596s ]
INFO: [ app_begin ] --END-- [ RunTime:0.000742s ]
INFO: [ view_parse ] --START--
INFO: [ template_filter ] --START--
INFO: Run Behavior\ContentReplaceBehavior [ RunTime:0.000068s ]
INFO: [ template_filter ] --END-- [ RunTime:0.000223s ]
INFO: Run Behavior\ParseTemplateBehavior [ RunTime:0.008026s ]
INFO: [ view_parse ] --END-- [ RunTime:0.008266s ]
INFO: [ view_filter ] --START--
INFO: Run Behavior\WriteHtmlCacheBehavior [ RunTime:0.000402s ]
INFO: [ view_filter ] --END-- [ RunTime:0.000582s ]

[ 2015-09-08T21:56:54+08:00 ] 127.0.0.1 /home/home/index
INFO: [ app_init ] --START--
INFO: Run Behavior\BuildLiteBehavior [ RunTime:0.000051s ]
INFO: [ app_init ] --END-- [ RunTime:0.000845s ]
INFO: [ app_begin ] --START--
INFO: Run Behavior\ReadHtmlCacheBehavior [ RunTime:0.000928s ]
INFO: [ app_begin ] --END-- [ RunTime:0.001212s ]
NOTIC: [2048] Declaration of Home\Controller\HomeController::Show() should be compatible with Think\Controller::show($content, $charset = '', $contentType = '', $prefix = '') E:\wamp\www\shuoshuo\Application\Home\Controller\HomeController.class.php 第 351 行.
INFO: [ view_parse ] --START--
INFO: [ template_filter ] --START--
INFO: Run Behavior\ContentReplaceBehavior [ RunTime:0.000066s ]
INFO: [ template_filter ] --END-- [ RunTime:0.000207s ]
INFO: Run Behavior\ParseTemplateBehavior [ RunTime:0.006800s ]
INFO: [ view_parse ] --END-- [ RunTime:0.007050s ]
INFO: [ view_filter ] --START--
INFO: Run Behavior\WriteHtmlCacheBehavior [ RunTime:0.000358s ]
INFO: [ view_filter ] --END-- [ RunTime:0.000551s ]

[ 2015-09-08T21:56:57+08:00 ] 127.0.0.1 /
INFO: [ app_init ] --START--
INFO: Run Behavior\BuildLiteBehavior [ RunTime:0.000027s ]
INFO: [ app_init ] --END-- [ RunTime:0.000405s ]
INFO: [ app_begin ] --START--
INFO: Run Behavior\ReadHtmlCacheBehavior [ RunTime:0.000409s ]
INFO: [ app_begin ] --END-- [ RunTime:0.000534s ]
INFO: [ view_parse ] --START--
INFO: [ template_filter ] --START--
INFO: Run Behavior\ContentReplaceBehavior [ RunTime:0.000071s ]
INFO: [ template_filter ] --END-- [ RunTime:0.000203s ]
INFO: Run Behavior\ParseTemplateBehavior [ RunTime:0.006167s ]
INFO: [ view_parse ] --END-- [ RunTime:0.006367s ]
INFO: [ view_filter ] --START--
INFO: Run Behavior\WriteHtmlCacheBehavior [ RunTime:0.000248s ]
INFO: [ view_filter ] --END-- [ RunTime:0.000366s ]
INFO: [ app_end ] --START--
INFO: Run Behavior\ShowPageTraceBehavior [ RunTime:0.000509s ]
INFO: [ app_end ] --END-- [ RunTime:0.000629s ]

[ 2015-09-08T22:00:39+08:00 ] 127.0.0.1 /
INFO: [ app_init ] --START--
INFO: Run Behavior\BuildLiteBehavior [ RunTime:0.000029s ]
INFO: [ app_init ] --END-- [ RunTime:0.000441s ]
INFO: [ app_begin ] --START--
INFO: Run Behavior\ReadHtmlCacheBehavior [ RunTime:0.000528s ]
INFO: [ app_begin ] --END-- [ RunTime:0.000675s ]
INFO: [ view_parse ] --START--
INFO: [ template_filter ] --START--
INFO: Run Behavior\ContentReplaceBehavior [ RunTime:0.000075s ]
INFO: [ template_filter ] --END-- [ RunTime:0.000215s ]
INFO: Run Behavior\ParseTemplateBehavior [ RunTime:0.006704s ]
INFO: [ view_parse ] --END-- [ RunTime:0.006977s ]
INFO: [ view_filter ] --START--
INFO: Run Behavior\WriteHtmlCacheBehavior [ RunTime:0.000328s ]
INFO: [ view_filter ] --END-- [ RunTime:0.000455s ]
INFO: [ app_end ] --START--
INFO: Run Behavior\ShowPageTraceBehavior [ RunTime:0.000522s ]
INFO: [ app_end ] --END-- [ RunTime:0.000650s ]

[ 2015-09-08T22:03:03+08:00 ] 127.0.0.1 /home/index/login
INFO: [ app_init ] --START--
INFO: Run Behavior\BuildLiteBehavior [ RunTime:0.000030s ]
INFO: [ app_init ] --END-- [ RunTime:0.000465s ]
INFO: [ app_begin ] --START--
INFO: Run Behavior\ReadHtmlCacheBehavior [ RunTime:0.000541s ]
INFO: [ app_begin ] --END-- [ RunTime:0.000678s ]
INFO: [ view_parse ] --START--
INFO: [ template_filter ] --START--
INFO: Run Behavior\ContentReplaceBehavior [ RunTime:0.000068s ]
INFO: [ template_filter ] --END-- [ RunTime:0.000221s ]
INFO: Run Behavior\ParseTemplateBehavior [ RunTime:0.007206s ]
INFO: [ view_parse ] --END-- [ RunTime:0.007368s ]
INFO: [ view_filter ] --START--
INFO: Run Behavior\WriteHtmlCacheBehavior [ RunTime:0.000362s ]
INFO: [ view_filter ] --END-- [ RunTime:0.000487s ]

[ 2015-09-08T22:03:05+08:00 ] 127.0.0.1 /home/home/index
INFO: [ app_init ] --START--
INFO: Run Behavior\BuildLiteBehavior [ RunTime:0.000104s ]
INFO: [ app_init ] --END-- [ RunTime:0.001144s ]
INFO: [ app_begin ] --START--
INFO: Run Behavior\ReadHtmlCacheBehavior [ RunTime:0.000575s ]
INFO: [ app_begin ] --END-- [ RunTime:0.000746s ]

[ 2015-09-08T22:03:53+08:00 ] 127.0.0.1 /home/home/index
INFO: [ app_init ] --START--
INFO: Run Behavior\BuildLiteBehavior [ RunTime:0.000032s ]
INFO: [ app_init ] --END-- [ RunTime:0.000581s ]
INFO: [ app_begin ] --START--
INFO: Run Behavior\ReadHtmlCacheBehavior [ RunTime:0.000868s ]
INFO: [ app_begin ] --END-- [ RunTime:0.001269s ]

[ 2015-09-08T22:03:54+08:00 ] 127.0.0.1 /home/home/index
INFO: [ app_init ] --START--
INFO: Run Behavior\BuildLiteBehavior [ RunTime:0.000055s ]
INFO: [ app_init ] --END-- [ RunTime:0.000792s ]
INFO: [ app_begin ] --START--
INFO: Run Behavior\ReadHtmlCacheBehavior [ RunTime:0.000585s ]
INFO: [ app_begin ] --END-- [ RunTime:0.000823s ]

[ 2015-09-08T22:04:17+08:00 ] 127.0.0.1 /home/home/index
INFO: [ app_init ] --START--
INFO: Run Behavior\BuildLiteBehavior [ RunTime:0.000059s ]
INFO: [ app_init ] --END-- [ RunTime:0.000773s ]
INFO: [ app_begin ] --START--
INFO: Run Behavior\ReadHtmlCacheBehavior [ RunTime:0.000534s ]
INFO: [ app_begin ] --END-- [ RunTime:0.000695s ]

[ 2015-09-08T22:04:21+08:00 ] 127.0.0.1 /home/home/index
INFO: [ app_init ] --START--
INFO: Run Behavior\BuildLiteBehavior [ RunTime:0.000035s ]
INFO: [ app_init ] --END-- [ RunTime:0.000593s ]
INFO: [ app_begin ] --START--
INFO: Run Behavior\ReadHtmlCacheBehavior [ RunTime:0.000584s ]
INFO: [ app_begin ] --END-- [ RunTime:0.000760s ]

[ 2015-09-08T22:04:23+08:00 ] 127.0.0.1 /home/home/index
INFO: [ app_init ] --START--
INFO: Run Behavior\BuildLiteBehavior [ RunTime:0.000073s ]
INFO: [ app_init ] --END-- [ RunTime:0.000734s ]
INFO: [ app_begin ] --START--
INFO: Run Behavior\ReadHtmlCacheBehavior [ RunTime:0.000610s ]
INFO: [ app_begin ] --END-- [ RunTime:0.000767s ]

[ 2015-09-08T22:04:29+08:00 ] 127.0.0.1 /home/index/index
INFO: [ app_init ] --START--
INFO: Run Behavior\BuildLiteBehavior [ RunTime:0.000049s ]
INFO: [ app_init ] --END-- [ RunTime:0.000613s ]
INFO: [ app_begin ] --START--
INFO: Run Behavior\ReadHtmlCacheBehavior [ RunTime:0.000528s ]
INFO: [ app_begin ] --END-- [ RunTime:0.000710s ]
INFO: [ view_parse ] --START--
INFO: [ template_filter ] --START--
INFO: Run Behavior\ContentReplaceBehavior [ RunTime:0.000077s ]
INFO: [ template_filter ] --END-- [ RunTime:0.000221s ]
INFO: Run Behavior\ParseTemplateBehavior [ RunTime:0.006932s ]
INFO: [ view_parse ] --END-- [ RunTime:0.007148s ]
INFO: [ view_filter ] --START--
INFO: Run Behavior\WriteHtmlCacheBehavior [ RunTime:0.000313s ]
INFO: [ view_filter ] --END-- [ RunTime:0.000470s ]
INFO: [ app_end ] --START--
INFO: Run Behavior\ShowPageTraceBehavior [ RunTime:0.000594s ]
INFO: [ app_end ] --END-- [ RunTime:0.000729s ]

[ 2015-09-08T22:04:35+08:00 ] 127.0.0.1 /home/index/login
INFO: [ app_init ] --START--
INFO: Run Behavior\BuildLiteBehavior [ RunTime:0.000027s ]
INFO: [ app_init ] --END-- [ RunTime:0.000368s ]
INFO: [ app_begin ] --START--
INFO: Run Behavior\ReadHtmlCacheBehavior [ RunTime:0.000403s ]
INFO: [ app_begin ] --END-- [ RunTime:0.000548s ]
NOTIC: [2] curl_setopt(): You must pass either an object or an array with the CURLOPT_HTTPHEADER argument E:\wamp\www\shuoshuo\Application\Home\Controller\IndexController.class.php 第 35 行.
INFO: [ view_parse ] --START--
INFO: [ template_filter ] --START--
INFO: Run Behavior\ContentReplaceBehavior [ RunTime:0.000163s ]
INFO: [ template_filter ] --END-- [ RunTime:0.000529s ]
INFO: Run Behavior\ParseTemplateBehavior [ RunTime:0.014774s ]
INFO: [ view_parse ] --END-- [ RunTime:0.015310s ]
INFO: [ view_filter ] --START--
INFO: Run Behavior\WriteHtmlCacheBehavior [ RunTime:0.000848s ]
INFO: [ view_filter ] --END-- [ RunTime:0.001323s ]
INFO: [ app_end ] --START--
INFO: Run Behavior\ShowPageTraceBehavior [ RunTime:0.001119s ]
INFO: [ app_end ] --END-- [ RunTime:0.001435s ]

[ 2015-09-08T22:04:36+08:00 ] 127.0.0.1 /home/home/index
INFO: [ app_init ] --START--
INFO: Run Behavior\BuildLiteBehavior [ RunTime:0.000035s ]
INFO: [ app_init ] --END-- [ RunTime:0.000671s ]
INFO: [ app_begin ] --START--
INFO: Run Behavior\ReadHtmlCacheBehavior [ RunTime:0.000580s ]
INFO: [ app_begin ] --END-- [ RunTime:0.000740s ]

[ 2015-09-08T22:06:02+08:00 ] 127.0.0.1 /home/home/index
INFO: [ app_init ] --START--
INFO: Run Behavior\BuildLiteBehavior [ RunTime:0.000058s ]
INFO: [ app_init ] --END-- [ RunTime:0.000760s ]
INFO: [ app_begin ] --START--
INFO: Run Behavior\ReadHtmlCacheBehavior [ RunTime:0.000916s ]
INFO: [ app_begin ] --END-- [ RunTime:0.001190s ]

[ 2015-09-08T22:06:03+08:00 ] 127.0.0.1 /home/home/index
INFO: [ app_init ] --START--
INFO: Run Behavior\BuildLiteBehavior [ RunTime:0.000033s ]
INFO: [ app_init ] --END-- [ RunTime:0.000604s ]
INFO: [ app_begin ] --START--
INFO: Run Behavior\ReadHtmlCacheBehavior [ RunTime:0.000676s ]
INFO: [ app_begin ] --END-- [ RunTime:0.000924s ]

[ 2015-09-08T22:06:03+08:00 ] 127.0.0.1 /home/home/index
INFO: [ app_init ] --START--
INFO: Run Behavior\BuildLiteBehavior [ RunTime:0.000032s ]
INFO: [ app_init ] --END-- [ RunTime:0.000550s ]
INFO: [ app_begin ] --START--
INFO: Run Behavior\ReadHtmlCacheBehavior [ RunTime:0.000524s ]
INFO: [ app_begin ] --END-- [ RunTime:0.000686s ]

[ 2015-09-08T22:06:04+08:00 ] 127.0.0.1 /home/home/index
INFO: [ app_init ] --START--
INFO: Run Behavior\BuildLiteBehavior [ RunTime:0.000032s ]
INFO: [ app_init ] --END-- [ RunTime:0.000440s ]
INFO: [ app_begin ] --START--
INFO: Run Behavior\ReadHtmlCacheBehavior [ RunTime:0.000448s ]
INFO: [ app_begin ] --END-- [ RunTime:0.000582s ]

[ 2015-09-08T22:06:48+08:00 ] 127.0.0.1 /home/home/index
INFO: [ app_init ] --START--
INFO: Run Behavior\BuildLiteBehavior [ RunTime:0.000094s ]
INFO: [ app_init ] --END-- [ RunTime:0.000498s ]
INFO: [ app_begin ] --START--
INFO: Run Behavior\ReadHtmlCacheBehavior [ RunTime:0.000640s ]
INFO: [ app_begin ] --END-- [ RunTime:0.000839s ]
NOTIC: [2048] Declaration of Home\Controller\HomeController::Show() should be compatible with Think\Controller::show($content, $charset = '', $contentType = '', $prefix = '') E:\wamp\www\shuoshuo\Application\Home\Controller\HomeController.class.php 第 5 行.

[ 2015-09-08T22:08:37+08:00 ] 127.0.0.1 /home/home/index
INFO: [ app_init ] --START--
INFO: Run Behavior\BuildLiteBehavior [ RunTime:0.000058s ]
INFO: [ app_init ] --END-- [ RunTime:0.000708s ]
INFO: [ app_begin ] --START--
INFO: Run Behavior\ReadHtmlCacheBehavior [ RunTime:0.000557s ]
INFO: [ app_begin ] --END-- [ RunTime:0.000713s ]
NOTIC: [2048] Declaration of Home\Controller\HomeController::Show() should be compatible with Think\Controller::show($content, $charset = '', $contentType = '', $prefix = '') E:\wamp\www\shuoshuo\Application\Home\Controller\HomeController.class.php 第 5 行.
INFO: [ view_parse ] --START--
INFO: [ template_filter ] --START--
INFO: Run Behavior\ContentReplaceBehavior [ RunTime:0.000132s ]
INFO: [ template_filter ] --END-- [ RunTime:0.000343s ]
INFO: Run Behavior\ParseTemplateBehavior [ RunTime:0.012108s ]
INFO: [ view_parse ] --END-- [ RunTime:0.012316s ]
INFO: [ view_filter ] --START--
INFO: Run Behavior\WriteHtmlCacheBehavior [ RunTime:0.000472s ]
INFO: [ view_filter ] --END-- [ RunTime:0.000605s ]
INFO: [ app_end ] --START--
INFO: Run Behavior\ShowPageTraceBehavior [ RunTime:0.000819s ]
INFO: [ app_end ] --END-- [ RunTime:0.001016s ]

[ 2015-09-08T22:11:58+08:00 ] 127.0.0.1 /home/home/index
INFO: [ app_init ] --START--
INFO: Run Behavior\BuildLiteBehavior [ RunTime:0.000031s ]
INFO: [ app_init ] --END-- [ RunTime:0.000566s ]
INFO: [ app_begin ] --START--
INFO: Run Behavior\ReadHtmlCacheBehavior [ RunTime:0.000743s ]
INFO: [ app_begin ] --END-- [ RunTime:0.000969s ]
NOTIC: [2048] Declaration of Home\Controller\HomeController::Show() should be compatible with Think\Controller::show($content, $charset = '', $contentType = '', $prefix = '') E:\wamp\www\shuoshuo\Application\Home\Controller\HomeController.class.php 第 5 行.

[ 2015-09-08T22:16:36+08:00 ] 127.0.0.1 /home/home/index
INFO: [ app_init ] --START--
INFO: Run Behavior\BuildLiteBehavior [ RunTime:0.000056s ]
INFO: [ app_init ] --END-- [ RunTime:0.000750s ]
INFO: [ app_begin ] --START--
INFO: Run Behavior\ReadHtmlCacheBehavior [ RunTime:0.000544s ]
INFO: [ app_begin ] --END-- [ RunTime:0.000686s ]
NOTIC: [2048] Declaration of Home\Controller\HomeController::Show() should be compatible with Think\Controller::show($content, $charset = '', $contentType = '', $prefix = '') E:\wamp\www\shuoshuo\Application\Home\Controller\HomeController.class.php 第 5 行.
INFO: [ view_parse ] --START--
INFO: [ template_filter ] --START--
INFO: Run Behavior\ContentReplaceBehavior [ RunTime:0.000098s ]
INFO: [ template_filter ] --END-- [ RunTime:0.000281s ]
INFO: Run Behavior\ParseTemplateBehavior [ RunTime:0.010749s ]
INFO: [ view_parse ] --END-- [ RunTime:0.010970s ]
INFO: [ view_filter ] --START--
INFO: Run Behavior\WriteHtmlCacheBehavior [ RunTime:0.000345s ]
INFO: [ view_filter ] --END-- [ RunTime:0.000471s ]
INFO: [ app_end ] --START--
INFO: Run Behavior\ShowPageTraceBehavior [ RunTime:0.001057s ]
INFO: [ app_end ] --END-- [ RunTime:0.001332s ]

[ 2015-09-08T22:16:55+08:00 ] 127.0.0.1 /index.php/home/home/show
INFO: [ app_init ] --START--
INFO: Run Behavior\BuildLiteBehavior [ RunTime:0.000031s ]
INFO: [ app_init ] --END-- [ RunTime:0.000425s ]
INFO: [ app_begin ] --START--
INFO: Run Behavior\ReadHtmlCacheBehavior [ RunTime:0.000420s ]
INFO: [ app_begin ] --END-- [ RunTime:0.000536s ]
NOTIC: [2048] Declaration of Home\Controller\HomeController::Show() should be compatible with Think\Controller::show($content, $charset = '', $contentType = '', $prefix = '') E:\wamp\www\shuoshuo\Application\Home\Controller\HomeController.class.php 第 5 行.
NOTIC: [8] Use of undefined constant data - assumed 'data' E:\wamp\www\shuoshuo\Application\Home\Controller\HomeController.class.php 第 158 行.
NOTIC: [8] Use of undefined constant vFeeds - assumed 'vFeeds' E:\wamp\www\shuoshuo\Application\Home\Controller\HomeController.class.php 第 158 行.
NOTIC: [8] Use of undefined constant data - assumed 'data' E:\wamp\www\shuoshuo\Application\Home\Controller\HomeController.class.php 第 159 行.
NOTIC: [8] Use of undefined constant has_more - assumed 'has_more' E:\wamp\www\shuoshuo\Application\Home\Controller\HomeController.class.php 第 159 行.
NOTIC: [8] Use of undefined constant data - assumed 'data' E:\wamp\www\shuoshuo\Application\Home\Controller\HomeController.class.php 第 158 行.
NOTIC: [8] Use of undefined constant vFeeds - assumed 'vFeeds' E:\wamp\www\shuoshuo\Application\Home\Controller\HomeController.class.php 第 158 行.
NOTIC: [8] Use of undefined constant data - assumed 'data' E:\wamp\www\shuoshuo\Application\Home\Controller\HomeController.class.php 第 159 行.
NOTIC: [8] Use of undefined constant has_more - assumed 'has_more' E:\wamp\www\shuoshuo\Application\Home\Controller\HomeController.class.php 第 159 行.
NOTIC: [8] Use of undefined constant data - assumed 'data' E:\wamp\www\shuoshuo\Application\Home\Controller\HomeController.class.php 第 158 行.
NOTIC: [8] Use of undefined constant vFeeds - assumed 'vFeeds' E:\wamp\www\shuoshuo\Application\Home\Controller\HomeController.class.php 第 158 行.
NOTIC: [8] Use of undefined constant data - assumed 'data' E:\wamp\www\shuoshuo\Application\Home\Controller\HomeController.class.php 第 159 行.
NOTIC: [8] Use of undefined constant has_more - assumed 'has_more' E:\wamp\www\shuoshuo\Application\Home\Controller\HomeController.class.php 第 159 行.

[ 2015-09-08T22:16:58+08:00 ] 127.0.0.1 /index.php/home/show/table
INFO: [ app_init ] --START--
INFO: Run Behavior\BuildLiteBehavior [ RunTime:0.000051s ]
INFO: [ app_init ] --END-- [ RunTime:0.000682s ]
INFO: [ app_begin ] --START--
INFO: Run Behavior\ReadHtmlCacheBehavior [ RunTime:0.000635s ]
INFO: [ app_begin ] --END-- [ RunTime:0.000806s ]
NOTIC: [8] Undefined index: like E:\wamp\www\shuoshuo\Application\Home\Controller\ShowController.class.php 第 25 行.
NOTIC: [8] Use of undefined constant original - assumed 'original' E:\wamp\www\shuoshuo\Application\Home\Controller\ShowController.class.php 第 26 行.
NOTIC: [8] Undefined index: like E:\wamp\www\shuoshuo\Application\Home\Controller\ShowController.class.php 第 34 行.
NOTIC: [8] Use of undefined constant original - assumed 'original' E:\wamp\www\shuoshuo\Application\Home\Controller\ShowController.class.php 第 26 行.
NOTIC: [8] Undefined index: comment E:\wamp\www\shuoshuo\Application\Home\Controller\ShowController.class.php 第 24 行.
NOTIC: [8] Use of undefined constant original - assumed 'original' E:\wamp\www\shuoshuo\Application\Home\Controller\ShowController.class.php 第 26 行.
NOTIC: [8] Undefined index: comment E:\wamp\www\shuoshuo\Application\Home\Controller\ShowController.class.php 第 31 行.
NOTIC: [8] Undefined index: comment E:\wamp\www\shuoshuo\Application\Home\Controller\ShowController.class.php 第 24 行.
NOTIC: [8] Undefined index: like E:\wamp\www\shuoshuo\Application\Home\Controller\ShowController.class.php 第 25 行.
NOTIC: [8] Use of undefined constant original - assumed 'original' E:\wamp\www\shuoshuo\Application\Home\Controller\ShowController.class.php 第 26 行.
NOTIC: [8] Undefined index: comment E:\wamp\www\shuoshuo\Application\Home\Controller\ShowController.class.php 第 31 行.
NOTIC: [8] Undefined index: like E:\wamp\www\shuoshuo\Application\Home\Controller\ShowController.class.php 第 34 行.
NOTIC: [8] Undefined index: comment E:\wamp\www\shuoshuo\Application\Home\Controller\ShowController.class.php 第 24 行.
NOTIC: [8] Undefined index: like E:\wamp\www\shuoshuo\Application\Home\Controller\ShowController.class.php 第 25 行.
NOTIC: [8] Use of undefined constant original - assumed 'original' E:\wamp\www\shuoshuo\Application\Home\Controller\ShowController.class.php 第 26 行.
NOTIC: [8] Undefined index: comment E:\wamp\www\shuoshuo\Application\Home\Controller\ShowController.class.php 第 31 行.
NOTIC: [8] Undefined index: like E:\wamp\www\shuoshuo\Application\Home\Controller\ShowController.class.php 第 34 行.
NOTIC: [8] Use of undefined constant original - assumed 'original' E:\wamp\www\shuoshuo\Application\Home\Controller\ShowController.class.php 第 26 行.
NOTIC: [8] Undefined index: like E:\wamp\www\shuoshuo\Application\Home\Controller\ShowController.class.php 第 25 行.
NOTIC: [8] Use of undefined constant original - assumed 'original' E:\wamp\www\shuoshuo\Application\Home\Controller\ShowController.class.php 第 26 行.
NOTIC: [8] Undefined index: like E:\wamp\www\shuoshuo\Application\Home\Controller\ShowController.class.php 第 34 行.
NOTIC: [8] Undefined index: like E:\wamp\www\shuoshuo\Application\Home\Controller\ShowController.class.php 第 25 行.
NOTIC: [8] Use of undefined constant original - assumed 'original' E:\wamp\www\shuoshuo\Application\Home\Controller\ShowController.class.php 第 26 行.
NOTIC: [8] Undefined index: like E:\wamp\www\shuoshuo\Application\Home\Controller\ShowController.class.php 第 34 行.
NOTIC: [8] Undefined index: like E:\wamp\www\shuoshuo\Application\Home\Controller\ShowController.class.php 第 25 行.
NOTIC: [8] Use of undefined constant original - assumed 'original' E:\wamp\www\shuoshuo\Application\Home\Controller\ShowController.class.php 第 26 行.
NOTIC: [8] Undefined index: like E:\wamp\www\shuoshuo\Application\Home\Controller\ShowController.class.php 第 34 行.
NOTIC: [8] Undefined index: comment E:\wamp\www\shuoshuo\Application\Home\Controller\ShowController.class.php 第 24 行.
NOTIC: [8] Undefined index: like E:\wamp\www\shuoshuo\Application\Home\Controller\ShowController.class.php 第 25 行.
NOTIC: [8] Use of undefined constant original - assumed 'original' E:\wamp\www\shuoshuo\Application\Home\Controller\ShowController.class.php 第 26 行.
NOTIC: [8] Undefined index: comment E:\wamp\www\shuoshuo\Application\Home\Controller\ShowController.class.php 第 31 行.
NOTIC: [8] Undefined index: like E:\wamp\www\shuoshuo\Application\Home\Controller\ShowController.class.php 第 34 行.
NOTIC: [8] Undefined index: comment E:\wamp\www\shuoshuo\Application\Home\Controller\ShowController.class.php 第 24 行.
NOTIC: [8] Undefined index: like E:\wamp\www\shuoshuo\Application\Home\Controller\ShowController.class.php 第 25 行.
NOTIC: [8] Use of undefined constant original - assumed 'original' E:\wamp\www\shuoshuo\Application\Home\Controller\ShowController.class.php 第 26 行.
NOTIC: [8] Undefined index: comment E:\wamp\www\shuoshuo\Application\Home\Controller\ShowController.class.php 第 31 行.
NOTIC: [8] Undefined index: like E:\wamp\www\shuoshuo\Application\Home\Controller\ShowController.class.php 第 34 行.
NOTIC: [8] Undefined index: comment E:\wamp\www\shuoshuo\Application\Home\Controller\ShowController.class.php 第 24 行.
NOTIC: [8] Undefined index: like E:\wamp\www\shuoshuo\Application\Home\Controller\ShowController.class.php 第 25 行.
NOTIC: [8] Use of undefined constant original - assumed 'original' E:\wamp\www\shuoshuo\Application\Home\Controller\ShowController.class.php 第 26 行.
NOTIC: [8] Undefined index: comment E:\wamp\www\shuoshuo\Application\Home\Controller\ShowController.class.php 第 31 行.
NOTIC: [8] Undefined index: like E:\wamp\www\shuoshuo\Application\Home\Controller\ShowController.class.php 第 34 行.
NOTIC: [8] Undefined index: comment E:\wamp\www\shuoshuo\Application\Home\Controller\ShowController.class.php 第 24 行.
NOTIC: [8] Undefined index: like E:\wamp\www\shuoshuo\Application\Home\Controller\ShowController.class.php 第 25 行.
NOTIC: [8] Use of undefined constant original - assumed 'original' E:\wamp\www\shuoshuo\Application\Home\Controller\ShowController.class.php 第 26 行.
NOTIC: [8] Undefined index: comment E:\wamp\www\shuoshuo\Application\Home\Controller\ShowController.class.php 第 31 行.
NOTIC: [8] Undefined index: like E:\wamp\www\shuoshuo\Application\Home\Controller\ShowController.class.php 第 34 行.
NOTIC: [8] Undefined index: comment E:\wamp\www\shuoshuo\Application\Home\Controller\ShowController.class.php 第 24 行.
NOTIC: [8] Undefined index: like E:\wamp\www\shuoshuo\Application\Home\Controller\ShowController.class.php 第 25 行.
NOTIC: [8] Use of undefined constant original - assumed 'original' E:\wamp\www\shuoshuo\Application\Home\Controller\ShowController.class.php 第 26 行.
NOTIC: [8] Undefined index: comment E:\wamp\www\shuoshuo\Application\Home\Controller\ShowController.class.php 第 31 行.
NOTIC: [8] Undefined index: like E:\wamp\www\shuoshuo\Application\Home\Controller\ShowController.class.php 第 34 行.
NOTIC: [8] Undefined index: comment E:\wamp\www\shuoshuo\Application\Home\Controller\ShowController.class.php 第 24 行.
NOTIC: [8] Undefined index: like E:\wamp\www\shuoshuo\Application\Home\Controller\ShowController.class.php 第 25 行.
NOTIC: [8] Use of undefined constant original - assumed 'original' E:\wamp\www\shuoshuo\Application\Home\Controller\ShowController.class.php 第 26 行.
NOTIC: [8] Undefined index: comment E:\wamp\www\shuoshuo\Application\Home\Controller\ShowController.class.php 第 31 行.
NOTIC: [8] Undefined index: like E:\wamp\www\shuoshuo\Application\Home\Controller\ShowController.class.php 第 34 行.
NOTIC: [8] Undefined index: comment E:\wamp\www\shuoshuo\Application\Home\Controller\ShowController.class.php 第 24 行.
NOTIC: [8] Use of undefined constant original - assumed 'original' E:\wamp\www\shuoshuo\Application\Home\Controller\ShowController.class.php 第 26 行.
NOTIC: [8] Undefined index: comment E:\wamp\www\shuoshuo\Application\Home\Controller\ShowController.class.php 第 31 行.
NOTIC: [8] Use of undefined constant original - assumed 'original' E:\wamp\www\shuoshuo\Application\Home\Controller\ShowController.class.php 第 26 行.
NOTIC: [8] Undefined index: comment E:\wamp\www\shuoshuo\Application\Home\Controller\ShowController.class.php 第 24 行.
NOTIC: [8] Undefined index: like E:\wamp\www\shuoshuo\Application\Home\Controller\ShowController.class.php 第 25 行.
NOTIC: [8] Use of undefined constant original - assumed 'original' E:\wamp\www\shuoshuo\Application\Home\Controller\ShowController.class.php 第 26 行.
NOTIC: [8] Undefined index: comment E:\wamp\www\shuoshuo\Application\Home\Controller\ShowController.class.php 第 31 行.
NOTIC: [8] Undefined index: like E:\wamp\www\shuoshuo\Application\Home\Controller\ShowController.class.php 第 34 行.
NOTIC: [8] Undefined index: comment E:\wamp\www\shuoshuo\Application\Home\Controller\ShowController.class.php 第 24 行.
NOTIC: [8] Undefined index: like E:\wamp\www\shuoshuo\Application\Home\Controller\ShowController.class.php 第 25 行.
NOTIC: [8] Use of undefined constant original - assumed 'original' E:\wamp\www\shuoshuo\Application\Home\Controller\ShowController.class.php 第 26 行.
NOTIC: [8] Undefined index: comment E:\wamp\www\shuoshuo\Application\Home\Controller\ShowController.class.php 第 31 行.
NOTIC: [8] Undefined index: like E:\wamp\www\shuoshuo\Application\Home\Controller\ShowController.class.php 第 34 行.
NOTIC: [8] Undefined index: like E:\wamp\www\shuoshuo\Application\Home\Controller\ShowController.class.php 第 25 行.
NOTIC: [8] Use of undefined constant original - assumed 'original' E:\wamp\www\shuoshuo\Application\Home\Controller\ShowController.class.php 第 26 行.
NOTIC: [8] Undefined index: like E:\wamp\www\shuoshuo\Application\Home\Controller\ShowController.class.php 第 34 行.
NOTIC: [8] Undefined index: comment E:\wamp\www\shuoshuo\Application\Home\Controller\ShowController.class.php 第 24 行.
NOTIC: [8] Use of undefined constant original - assumed 'original' E:\wamp\www\shuoshuo\Application\Home\Controller\ShowController.class.php 第 26 行.
NOTIC: [8] Undefined index: comment E:\wamp\www\shuoshuo\Application\Home\Controller\ShowController.class.php 第 31 行.
NOTIC: [8] Undefined index: comment E:\wamp\www\shuoshuo\Application\Home\Controller\ShowController.class.php 第 24 行.
NOTIC: [8] Use of undefined constant original - assumed 'original' E:\wamp\www\shuoshuo\Application\Home\Controller\ShowController.class.php 第 26 行.
NOTIC: [8] Undefined index: comment E:\wamp\www\shuoshuo\Application\Home\Controller\ShowController.class.php 第 31 行.
NOTIC: [8] Undefined index: comment E:\wamp\www\shuoshuo\Application\Home\Controller\ShowController.class.php 第 24 行.
NOTIC: [8] Undefined index: like E:\wamp\www\shuoshuo\Application\Home\Controller\ShowController.class.php 第 25 行.
NOTIC: [8] Use of undefined constant original - assumed 'original' E:\wamp\www\shuoshuo\Application\Home\Controller\ShowController.class.php 第 26 行.
NOTIC: [8] Undefined index: comment E:\wamp\www\shuoshuo\Application\Home\Controller\ShowController.class.php 第 31 行.
NOTIC: [8] Undefined index: like E:\wamp\www\shuoshuo\Application\Home\Controller\ShowController.class.php 第 34 行.
NOTIC: [8] Undefined index: comment E:\wamp\www\shuoshuo\Application\Home\Controller\ShowController.class.php 第 24 行.
NOTIC: [8] Use of undefined constant original - assumed 'original' E:\wamp\www\shuoshuo\Application\Home\Controller\ShowController.class.php 第 26 行.
NOTIC: [8] Undefined index: comment E:\wamp\www\shuoshuo\Application\Home\Controller\ShowController.class.php 第 31 行.
NOTIC: [8] Undefined index: like E:\wamp\www\shuoshuo\Application\Home\Controller\ShowController.class.php 第 25 行.
NOTIC: [8] Use of undefined constant original - assumed 'original' E:\wamp\www\shuoshuo\Application\Home\Controller\ShowController.class.php 第 26 行.
NOTIC: [8] Undefined index: like E:\wamp\www\shuoshuo\Application\Home\Controller\ShowController.class.php 第 34 行.
NOTIC: [8] Use of undefined constant original - assumed 'original' E:\wamp\www\shuoshuo\Application\Home\Controller\ShowController.class.php 第 26 行.
NOTIC: [8] Undefined index: like E:\wamp\www\shuoshuo\Application\Home\Controller\ShowController.class.php 第 25 行.
NOTIC: [8] Use of undefined constant original - assumed 'original' E:\wamp\www\shuoshuo\Application\Home\Controller\ShowController.class.php 第 26 行.
NOTIC: [8] Undefined index: like E:\wamp\www\shuoshuo\Application\Home\Controller\ShowController.class.php 第 34 行.
NOTIC: [8] Undefined index: like E:\wamp\www\shuoshuo\Application\Home\Controller\ShowController.class.php 第 25 行.
NOTIC: [8] Use of undefined constant original - assumed 'original' E:\wamp\www\shuoshuo\Application\Home\Controller\ShowController.class.php 第 26 行.
NOTIC: [8] Undefined index: like E:\wamp\www\shuoshuo\Application\Home\Controller\ShowController.class.php 第 34 行.
NOTIC: [8] Undefined index: like E:\wamp\www\shuoshuo\Application\Home\Controller\ShowController.class.php 第 25 行.
NOTIC: [8] Use of undefined constant original - assumed 'original' E:\wamp\www\shuoshuo\Application\Home\Controller\ShowController.class.php 第 26 行.
NOTIC: [8] Undefined index: like E:\wamp\www\shuoshuo\Application\Home\Controller\ShowController.class.php 第 34 行.
NOTIC: [8] Undefined index: comment E:\wamp\www\shuoshuo\Application\Home\Controller\ShowController.class.php 第 24 行.
NOTIC: [8] Undefined index: like E:\wamp\www\shuoshuo\Application\Home\Controller\ShowController.class.php 第 25 行.
NOTIC: [8] Use of undefined constant original - assumed 'original' E:\wamp\www\shuoshuo\Application\Home\Controller\ShowController.class.php 第 26 行.
NOTIC: [8] Undefined index: comment E:\wamp\www\shuoshuo\Application\Home\Controller\ShowController.class.php 第 31 行.
NOTIC: [8] Undefined index: like E:\wamp\www\shuoshuo\Application\Home\Controller\ShowController.class.php 第 34 行.
NOTIC: [8] Undefined index: comment E:\wamp\www\shuoshuo\Application\Home\Controller\ShowController.class.php 第 24 行.
NOTIC: [8] Undefined index: like E:\wamp\www\shuoshuo\Application\Home\Controller\ShowController.class.php 第 25 行.
NOTIC: [8] Use of undefined constant original - assumed 'original' E:\wamp\www\shuoshuo\Application\Home\Controller\ShowController.class.php 第 26 行.
NOTIC: [8] Undefined index: comment E:\wamp\www\shuoshuo\Application\Home\Controller\ShowController.class.php 第 31 行.
NOTIC: [8] Undefined index: like E:\wamp\www\shuoshuo\Application\Home\Controller\ShowController.class.php 第 34 行.
NOTIC: [8] Undefined index: comment E:\wamp\www\shuoshuo\Application\Home\Controller\ShowController.class.php 第 24 行.
NOTIC: [8] Undefined index: like E:\wamp\www\shuoshuo\Application\Home\Controller\ShowController.class.php 第 25 行.
NOTIC: [8] Use of undefined constant original - assumed 'original' E:\wamp\www\shuoshuo\Application\Home\Controller\ShowController.class.php 第 26 行.
NOTIC: [8] Undefined index: comment E:\wamp\www\shuoshuo\Application\Home\Controller\ShowController.class.php 第 31 行.
NOTIC: [8] Undefined index: like E:\wamp\www\shuoshuo\Application\Home\Controller\ShowController.class.php 第 34 行.
NOTIC: [8] Undefined index: comment E:\wamp\www\shuoshuo\Application\Home\Controller\ShowController.class.php 第 24 行.
NOTIC: [8] Undefined index: like E:\wamp\www\shuoshuo\Application\Home\Controller\ShowController.class.php 第 25 行.
NOTIC: [8] Use of undefined constant original - assumed 'original' E:\wamp\www\shuoshuo\Application\Home\Controller\ShowController.class.php 第 26 行.
NOTIC: [8] Undefined index: comment E:\wamp\www\shuoshuo\Application\Home\Controller\ShowController.class.php 第 31 行.
NOTIC: [8] Undefined index: like E:\wamp\www\shuoshuo\Application\Home\Controller\ShowController.class.php 第 34 行.
NOTIC: [8] Undefined index: comment E:\wamp\www\shuoshuo\Application\Home\Controller\ShowController.class.php 第 24 行.
NOTIC: [8] Undefined index: like E:\wamp\www\shuoshuo\Application\Home\Controller\ShowController.class.php 第 25 行.
NOTIC: [8] Use of undefined constant original - assumed 'original' E:\wamp\www\shuoshuo\Application\Home\Controller\ShowController.class.php 第 26 行.
NOTIC: [8] Undefined index: comment E:\wamp\www\shuoshuo\Application\Home\Controller\ShowController.class.php 第 31 行.
NOTIC: [8] Undefined index: like E:\wamp\www\shuoshuo\Application\Home\Controller\ShowController.class.php 第 34 行.
NOTIC: [8] Undefined index: comment E:\wamp\www\shuoshuo\Application\Home\Controller\ShowController.class.php 第 24 行.
NOTIC: [8] Undefined index: like E:\wamp\www\shuoshuo\Application\Home\Controller\ShowController.class.php 第 25 行.
NOTIC: [8] Use of undefined constant original - assumed 'original' E:\wamp\www\shuoshuo\Application\Home\Controller\ShowController.class.php 第 26 行.
NOTIC: [8] Undefined index: comment E:\wamp\www\shuoshuo\Application\Home\Controller\ShowController.class.php 第 31 行.
NOTIC: [8] Undefined index: like E:\wamp\www\shuoshuo\Application\Home\Controller\ShowController.class.php 第 34 行.
NOTIC: [8] Undefined index: comment E:\wamp\www\shuoshuo\Application\Home\Controller\ShowController.class.php 第 24 行.
NOTIC: [8] Use of undefined constant original - assumed 'original' E:\wamp\www\shuoshuo\Application\Home\Controller\ShowController.class.php 第 26 行.
NOTIC: [8] Undefined index: comment E:\wamp\www\shuoshuo\Application\Home\Controller\ShowController.class.php 第 31 行.
NOTIC: [8] Use of undefined constant original - assumed 'original' E:\wamp\www\shuoshuo\Application\Home\Controller\ShowController.class.php 第 26 行.
NOTIC: [8] Undefined index: comment E:\wamp\www\shuoshuo\Application\Home\Controller\ShowController.class.php 第 24 行.
NOTIC: [8] Undefined index: like E:\wamp\www\shuoshuo\Application\Home\Controller\ShowController.class.php 第 25 行.
NOTIC: [8] Use of undefined constant original - assumed 'original' E:\wamp\www\shuoshuo\Application\Home\Controller\ShowController.class.php 第 26 行.
NOTIC: [8] Undefined index: comment E:\wamp\www\shuoshuo\Application\Home\Controller\ShowController.class.php 第 31 行.
NOTIC: [8] Undefined index: like E:\wamp\www\shuoshuo\Application\Home\Controller\ShowController.class.php 第 34 行.
NOTIC: [8] Undefined index: comment E:\wamp\www\shuoshuo\Application\Home\Controller\ShowController.class.php 第 24 行.
NOTIC: [8] Undefined index: like E:\wamp\www\shuoshuo\Application\Home\Controller\ShowController.class.php 第 25 行.
NOTIC: [8] Use of undefined constant original - assumed 'original' E:\wamp\www\shuoshuo\Application\Home\Controller\ShowController.class.php 第 26 行.
NOTIC: [8] Undefined index: comment E:\wamp\www\shuoshuo\Application\Home\Controller\ShowController.class.php 第 31 行.
NOTIC: [8] Undefined index: like E:\wamp\www\shuoshuo\Application\Home\Controller\ShowController.class.php 第 34 行.
NOTIC: [8] Undefined index: like E:\wamp\www\shuoshuo\Application\Home\Controller\ShowController.class.php 第 25 行.
NOTIC: [8] Use of undefined constant original - assumed 'original' E:\wamp\www\shuoshuo\Application\Home\Controller\ShowController.class.php 第 26 行.
NOTIC: [8] Undefined index: like E:\wamp\www\shuoshuo\Application\Home\Controller\ShowController.class.php 第 34 行.
NOTIC: [8] Undefined index: comment E:\wamp\www\shuoshuo\Application\Home\Controller\ShowController.class.php 第 24 行.
NOTIC: [8] Use of undefined constant original - assumed 'original' E:\wamp\www\shuoshuo\Application\Home\Controller\ShowController.class.php 第 26 行.
NOTIC: [8] Undefined index: comment E:\wamp\www\shuoshuo\Application\Home\Controller\ShowController.class.php 第 31 行.
NOTIC: [8] Undefined index: comment E:\wamp\www\shuoshuo\Application\Home\Controller\ShowController.class.php 第 24 行.
NOTIC: [8] Use of undefined constant original - assumed 'original' E:\wamp\www\shuoshuo\Application\Home\Controller\ShowController.class.php 第 26 行.
NOTIC: [8] Undefined index: comment E:\wamp\www\shuoshuo\Application\Home\Controller\ShowController.class.php 第 31 行.
NOTIC: [8] Undefined index: comment E:\wamp\www\shuoshuo\Application\Home\Controller\ShowController.class.php 第 24 行.
NOTIC: [8] Undefined index: like E:\wamp\www\shuoshuo\Application\Home\Controller\ShowController.class.php 第 25 行.
NOTIC: [8] Use of undefined constant original - assumed 'original' E:\wamp\www\shuoshuo\Application\Home\Controller\ShowController.class.php 第 26 行.
NOTIC: [8] Undefined index: comment E:\wamp\www\shuoshuo\Application\Home\Controller\ShowController.class.php 第 31 行.
NOTIC: [8] Undefined index: like E:\wamp\www\shuoshuo\Application\Home\Controller\ShowController.class.php 第 34 行.
NOTIC: [8] Undefined index: comment E:\wamp\www\shuoshuo\Application\Home\Controller\ShowController.class.php 第 24 行.
NOTIC: [8] Use of undefined constant original - assumed 'original' E:\wamp\www\shuoshuo\Application\Home\Controller\ShowController.class.php 第 26 行.
NOTIC: [8] Undefined index: comment E:\wamp\www\shuoshuo\Application\Home\Controller\ShowController.class.php 第 31 行.
NOTIC: [8] Undefined index: like E:\wamp\www\shuoshuo\Application\Home\Controller\ShowController.class.php 第 25 行.
NOTIC: [8] Use of undefined constant original - assumed 'original' E:\wamp\www\shuoshuo\Application\Home\Controller\ShowController.class.php 第 26 行.
NOTIC: [8] Undefined index: like E:\wamp\www\shuoshuo\Application\Home\Controller\ShowController.class.php 第 34 行.
NOTIC: [8] Undefined index: comment E:\wamp\www\shuoshuo\Application\Home\Controller\ShowController.class.php 第 24 行.
NOTIC: [8] Use of undefined constant original - assumed 'original' E:\wamp\www\shuoshuo\Application\Home\Controller\ShowController.class.php 第 26 行.
NOTIC: [8] Undefined index: comment E:\wamp\www\shuoshuo\Application\Home\Controller\ShowController.class.php 第 31 行.
NOTIC: [8] Use of undefined constant original - assumed 'original' E:\wamp\www\shuoshuo\Application\Home\Controller\ShowController.class.php 第 26 行.
NOTIC: [8] Undefined index: comment E:\wamp\www\shuoshuo\Application\Home\Controller\ShowController.class.php 第 24 行.
NOTIC: [8] Undefined index: like E:\wamp\www\shuoshuo\Application\Home\Controller\ShowController.class.php 第 25 行.
NOTIC: [8] Use of undefined constant original - assumed 'original' E:\wamp\www\shuoshuo\Application\Home\Controller\ShowController.class.php 第 26 行.
NOTIC: [8] Undefined index: comment E:\wamp\www\shuoshuo\Application\Home\Controller\ShowController.class.php 第 31 行.
NOTIC: [8] Undefined index: like E:\wamp\www\shuoshuo\Application\Home\Controller\ShowController.class.php 第 34 行.
NOTIC: [8] Undefined index: comment E:\wamp\www\shuoshuo\Application\Home\Controller\ShowController.class.php 第 24 行.
NOTIC: [8] Undefined index: like E:\wamp\www\shuoshuo\Application\Home\Controller\ShowController.class.php 第 25 行.
NOTIC: [8] Use of undefined constant original - assumed 'original' E:\wamp\www\shuoshuo\Application\Home\Controller\ShowController.class.php 第 26 行.
NOTIC: [8] Undefined index: comment E:\wamp\www\shuoshuo\Application\Home\Controller\ShowController.class.php 第 31 行.
NOTIC: [8] Undefined index: like E:\wamp\www\shuoshuo\Application\Home\Controller\ShowController.class.php 第 34 行.
NOTIC: [8] Undefined index: like E:\wamp\www\shuoshuo\Application\Home\Controller\ShowController.class.php 第 25 行.
NOTIC: [8] Use of undefined constant original - assumed 'original' E:\wamp\www\shuoshuo\Application\Home\Controller\ShowController.class.php 第 26 行.
NOTIC: [8] Undefined index: like E:\wamp\www\shuoshuo\Application\Home\Controller\ShowController.class.php 第 34 行.
NOTIC: [8] Undefined index: comment E:\wamp\www\shuoshuo\Application\Home\Controller\ShowController.class.php 第 24 行.
NOTIC: [8] Use of undefined constant original - assumed 'original' E:\wamp\www\shuoshuo\Application\Home\Controller\ShowController.class.php 第 26 行.
NOTIC: [8] Undefined index: comment E:\wamp\www\shuoshuo\Application\Home\Controller\ShowController.class.php 第 31 行.
NOTIC: [8] Undefined index: comment E:\wamp\www\shuoshuo\Application\Home\Controller\ShowController.class.php 第 24 行.
NOTIC: [8] Use of undefined constant original - assumed 'original' E:\wamp\www\shuoshuo\Application\Home\Controller\ShowController.class.php 第 26 行.
NOTIC: [8] Undefined index: comment E:\wamp\www\shuoshuo\Application\Home\Controller\ShowController.class.php 第 31 行.
NOTIC: [8] Undefined index: comment E:\wamp\www\shuoshuo\Application\Home\Controller\ShowController.class.php 第 24 行.
NOTIC: [8] Undefined index: like E:\wamp\www\shuoshuo\Application\Home\Controller\ShowController.class.php 第 25 行.
NOTIC: [8] Use of undefined constant original - assumed 'original' E:\wamp\www\shuoshuo\Application\Home\Controller\ShowController.class.php 第 26 行.
NOTIC: [8] Undefined index: comment E:\wamp\www\shuoshuo\Application\Home\Controller\ShowController.class.php 第 31 行.
NOTIC: [8] Undefined index: like E:\wamp\www\shuoshuo\Application\Home\Controller\ShowController.class.php 第 34 行.
NOTIC: [8] Undefined index: comment E:\wamp\www\shuoshuo\Application\Home\Controller\ShowController.class.php 第 24 行.
NOTIC: [8] Use of undefined constant original - assumed 'original' E:\wamp\www\shuoshuo\Application\Home\Controller\ShowController.class.php 第 26 行.
NOTIC: [8] Undefined index: comment E:\wamp\www\shuoshuo\Application\Home\Controller\ShowController.class.php 第 31 行.
NOTIC: [8] Undefined index: like E:\wamp\www\shuoshuo\Application\Home\Controller\ShowController.class.php 第 25 行.
NOTIC: [8] Use of undefined constant original - assumed 'original' E:\wamp\www\shuoshuo\Application\Home\Controller\ShowController.class.php 第 26 行.
NOTIC: [8] Undefined index: like E:\wamp\www\shuoshuo\Application\Home\Controller\ShowController.class.php 第 34 行.
INFO: [ view_parse ] --START--
INFO: [ template_filter ] --START--
INFO: Run Behavior\ContentReplaceBehavior [ RunTime:0.000088s ]
INFO: [ template_filter ] --END-- [ RunTime:0.000233s ]
INFO: Run Behavior\ParseTemplateBehavior [ RunTime:0.006508s ]
INFO: [ view_parse ] --END-- [ RunTime:0.006653s ]
INFO: [ view_filter ] --START--
INFO: Run Behavior\WriteHtmlCacheBehavior [ RunTime:0.000262s ]
INFO: [ view_filter ] --END-- [ RunTime:0.000387s ]
INFO: [ app_end ] --START--
INFO: Run Behavior\ShowPageTraceBehavior [ RunTime:0.000434s ]
INFO: [ app_end ] --END-- [ RunTime:0.000562s ]

[ 2015-09-08T22:21:36+08:00 ] 127.0.0.1 /home/home/index
INFO: [ app_init ] --START--
INFO: Run Behavior\BuildLiteBehavior [ RunTime:0.000057s ]
INFO: [ app_init ] --END-- [ RunTime:0.000470s ]
INFO: [ app_begin ] --START--
INFO: Run Behavior\ReadHtmlCacheBehavior [ RunTime:0.000539s ]
INFO: [ app_begin ] --END-- [ RunTime:0.000678s ]
NOTIC: [2048] Declaration of Home\Controller\HomeController::Show() should be compatible with Think\Controller::show($content, $charset = '', $contentType = '', $prefix = '') E:\wamp\www\shuoshuo\Application\Home\Controller\HomeController.class.php 第 5 行.
INFO: [ view_parse ] --START--
INFO: [ template_filter ] --START--
INFO: Run Behavior\ContentReplaceBehavior [ RunTime:0.000140s ]
INFO: [ template_filter ] --END-- [ RunTime:0.000335s ]
INFO: Run Behavior\ParseTemplateBehavior [ RunTime:0.010854s ]
INFO: [ view_parse ] --END-- [ RunTime:0.011025s ]
INFO: [ view_filter ] --START--
INFO: Run Behavior\WriteHtmlCacheBehavior [ RunTime:0.000452s ]
INFO: [ view_filter ] --END-- [ RunTime:0.000679s ]
INFO: [ app_end ] --START--
INFO: Run Behavior\ShowPageTraceBehavior [ RunTime:0.000941s ]
INFO: [ app_end ] --END-- [ RunTime:0.001124s ]

[ 2015-09-08T22:21:39+08:00 ] 127.0.0.1 /index.php/home/home/show
INFO: [ app_init ] --START--
INFO: Run Behavior\BuildLiteBehavior [ RunTime:0.000035s ]
INFO: [ app_init ] --END-- [ RunTime:0.000520s ]
INFO: [ app_begin ] --START--
INFO: Run Behavior\ReadHtmlCacheBehavior [ RunTime:0.000602s ]
INFO: [ app_begin ] --END-- [ RunTime:0.000744s ]
NOTIC: [2048] Declaration of Home\Controller\HomeController::Show() should be compatible with Think\Controller::show($content, $charset = '', $contentType = '', $prefix = '') E:\wamp\www\shuoshuo\Application\Home\Controller\HomeController.class.php 第 5 行.

